{"/home/administrator/think_ai/frontend/src/App.jsx": {"path":"/home/administrator/think_ai/frontend/src/App.jsx","all":false,"statementMap":{"0":{"start":{"line":1,"column":0},"end":{"line":1,"column":59}},"1":{"start":{"line":2,"column":0},"end":{"line":2,"column":54}},"2":{"start":{"line":3,"column":0},"end":{"line":3,"column":61}},"5":{"start":{"line":6,"column":0},"end":{"line":6,"column":16}},"6":{"start":{"line":7,"column":0},"end":{"line":7,"column":39}},"8":{"start":{"line":9,"column":0},"end":{"line":9,"column":21}},"9":{"start":{"line":10,"column":0},"end":{"line":10,"column":30}},"10":{"start":{"line":11,"column":0},"end":{"line":11,"column":3}},"12":{"start":{"line":13,"column":0},"end":{"line":13,"column":47}},"13":{"start":{"line":14,"column":0},"end":{"line":14,"column":51}},"14":{"start":{"line":15,"column":0},"end":{"line":15,"column":54}},"15":{"start":{"line":16,"column":0},"end":{"line":16,"column":58}},"16":{"start":{"line":17,"column":0},"end":{"line":17,"column":58}},"17":{"start":{"line":18,"column":0},"end":{"line":18,"column":52}},"18":{"start":{"line":19,"column":0},"end":{"line":19,"column":56}},"19":{"start":{"line":20,"column":0},"end":{"line":20,"column":57}},"20":{"start":{"line":21,"column":0},"end":{"line":21,"column":81}},"21":{"start":{"line":22,"column":0},"end":{"line":22,"column":87}},"22":{"start":{"line":23,"column":0},"end":{"line":23,"column":77}},"23":{"start":{"line":24,"column":0},"end":{"line":24,"column":38}},"24":{"start":{"line":25,"column":0},"end":{"line":25,"column":33}},"25":{"start":{"line":26,"column":0},"end":{"line":26,"column":40}},"26":{"start":{"line":27,"column":0},"end":{"line":27,"column":36}},"29":{"start":{"line":30,"column":0},"end":{"line":30,"column":27}},"30":{"start":{"line":31,"column":0},"end":{"line":31,"column":58}},"31":{"start":{"line":32,"column":0},"end":{"line":32,"column":18}},"32":{"start":{"line":33,"column":0},"end":{"line":33,"column":84}},"33":{"start":{"line":34,"column":0},"end":{"line":34,"column":55}},"34":{"start":{"line":35,"column":0},"end":{"line":35,"column":5}},"35":{"start":{"line":36,"column":0},"end":{"line":36,"column":18}},"36":{"start":{"line":37,"column":0},"end":{"line":37,"column":4}},"38":{"start":{"line":39,"column":0},"end":{"line":39,"column":30}},"39":{"start":{"line":40,"column":0},"end":{"line":40,"column":64}},"40":{"start":{"line":41,"column":0},"end":{"line":41,"column":21}},"41":{"start":{"line":42,"column":0},"end":{"line":42,"column":33}},"42":{"start":{"line":43,"column":0},"end":{"line":43,"column":73}},"43":{"start":{"line":44,"column":0},"end":{"line":44,"column":61}},"44":{"start":{"line":45,"column":0},"end":{"line":45,"column":5}},"45":{"start":{"line":46,"column":0},"end":{"line":46,"column":21}},"46":{"start":{"line":47,"column":0},"end":{"line":47,"column":4}},"48":{"start":{"line":49,"column":0},"end":{"line":49,"column":47}},"50":{"start":{"line":51,"column":0},"end":{"line":51,"column":32}},"51":{"start":{"line":52,"column":0},"end":{"line":52,"column":67}},"52":{"start":{"line":53,"column":0},"end":{"line":53,"column":4}},"54":{"start":{"line":55,"column":0},"end":{"line":55,"column":19}},"55":{"start":{"line":56,"column":0},"end":{"line":56,"column":21}},"56":{"start":{"line":57,"column":0},"end":{"line":57,"column":17}},"59":{"start":{"line":60,"column":0},"end":{"line":60,"column":19}},"60":{"start":{"line":61,"column":0},"end":{"line":61,"column":37}},"61":{"start":{"line":62,"column":0},"end":{"line":62,"column":24}},"63":{"start":{"line":64,"column":0},"end":{"line":64,"column":40}},"64":{"start":{"line":65,"column":0},"end":{"line":65,"column":37}},"65":{"start":{"line":66,"column":0},"end":{"line":66,"column":39}},"68":{"start":{"line":69,"column":0},"end":{"line":69,"column":27}},"69":{"start":{"line":70,"column":0},"end":{"line":70,"column":28}},"70":{"start":{"line":71,"column":0},"end":{"line":71,"column":30}},"72":{"start":{"line":73,"column":0},"end":{"line":73,"column":32}},"73":{"start":{"line":74,"column":0},"end":{"line":74,"column":54}},"74":{"start":{"line":75,"column":0},"end":{"line":75,"column":54}},"76":{"start":{"line":77,"column":0},"end":{"line":77,"column":46}},"77":{"start":{"line":78,"column":0},"end":{"line":78,"column":55}},"78":{"start":{"line":79,"column":0},"end":{"line":79,"column":36}},"79":{"start":{"line":80,"column":0},"end":{"line":80,"column":36}},"80":{"start":{"line":81,"column":0},"end":{"line":81,"column":5}},"82":{"start":{"line":83,"column":0},"end":{"line":83,"column":25}},"83":{"start":{"line":84,"column":0},"end":{"line":84,"column":92}},"84":{"start":{"line":85,"column":0},"end":{"line":85,"column":29}},"85":{"start":{"line":86,"column":0},"end":{"line":86,"column":5}},"87":{"start":{"line":88,"column":0},"end":{"line":88,"column":25}},"88":{"start":{"line":89,"column":0},"end":{"line":89,"column":92}},"89":{"start":{"line":90,"column":0},"end":{"line":90,"column":29}},"90":{"start":{"line":91,"column":0},"end":{"line":91,"column":5}},"92":{"start":{"line":93,"column":0},"end":{"line":93,"column":33}},"93":{"start":{"line":94,"column":0},"end":{"line":94,"column":32}},"94":{"start":{"line":95,"column":0},"end":{"line":95,"column":23}},"95":{"start":{"line":96,"column":0},"end":{"line":96,"column":23}},"96":{"start":{"line":97,"column":0},"end":{"line":97,"column":19}},"97":{"start":{"line":98,"column":0},"end":{"line":98,"column":19}},"98":{"start":{"line":99,"column":0},"end":{"line":99,"column":27}},"99":{"start":{"line":100,"column":0},"end":{"line":100,"column":59}},"100":{"start":{"line":101,"column":0},"end":{"line":101,"column":54}},"101":{"start":{"line":102,"column":0},"end":{"line":102,"column":51}},"102":{"start":{"line":103,"column":0},"end":{"line":103,"column":42}},"103":{"start":{"line":104,"column":0},"end":{"line":104,"column":7}},"105":{"start":{"line":106,"column":0},"end":{"line":106,"column":17}},"106":{"start":{"line":107,"column":0},"end":{"line":107,"column":57}},"107":{"start":{"line":108,"column":0},"end":{"line":108,"column":89}},"108":{"start":{"line":109,"column":0},"end":{"line":109,"column":89}},"109":{"start":{"line":110,"column":0},"end":{"line":110,"column":36}},"110":{"start":{"line":111,"column":0},"end":{"line":111,"column":36}},"111":{"start":{"line":112,"column":0},"end":{"line":112,"column":57}},"112":{"start":{"line":113,"column":0},"end":{"line":113,"column":7}},"114":{"start":{"line":115,"column":0},"end":{"line":115,"column":14}},"115":{"start":{"line":116,"column":0},"end":{"line":116,"column":55}},"116":{"start":{"line":117,"column":0},"end":{"line":117,"column":46}},"117":{"start":{"line":118,"column":0},"end":{"line":118,"column":19}},"118":{"start":{"line":119,"column":0},"end":{"line":119,"column":32}},"119":{"start":{"line":120,"column":0},"end":{"line":120,"column":43}},"120":{"start":{"line":121,"column":0},"end":{"line":121,"column":95}},"121":{"start":{"line":122,"column":0},"end":{"line":122,"column":58}},"122":{"start":{"line":123,"column":0},"end":{"line":123,"column":65}},"123":{"start":{"line":124,"column":0},"end":{"line":124,"column":58}},"124":{"start":{"line":125,"column":0},"end":{"line":125,"column":33}},"125":{"start":{"line":126,"column":0},"end":{"line":126,"column":24}},"126":{"start":{"line":127,"column":0},"end":{"line":127,"column":58}},"127":{"start":{"line":128,"column":0},"end":{"line":128,"column":19}},"128":{"start":{"line":129,"column":0},"end":{"line":129,"column":38}},"129":{"start":{"line":130,"column":0},"end":{"line":130,"column":48}},"130":{"start":{"line":131,"column":0},"end":{"line":131,"column":24}},"131":{"start":{"line":132,"column":0},"end":{"line":132,"column":54}},"132":{"start":{"line":133,"column":0},"end":{"line":133,"column":19}},"133":{"start":{"line":134,"column":0},"end":{"line":134,"column":22}},"134":{"start":{"line":135,"column":0},"end":{"line":135,"column":7}},"135":{"start":{"line":136,"column":0},"end":{"line":136,"column":5}},"137":{"start":{"line":138,"column":0},"end":{"line":138,"column":39}},"138":{"start":{"line":139,"column":0},"end":{"line":139,"column":29}},"139":{"start":{"line":140,"column":0},"end":{"line":140,"column":51}},"140":{"start":{"line":141,"column":0},"end":{"line":141,"column":52}},"141":{"start":{"line":142,"column":0},"end":{"line":142,"column":20}},"142":{"start":{"line":143,"column":0},"end":{"line":143,"column":46}},"143":{"start":{"line":144,"column":0},"end":{"line":144,"column":48}},"144":{"start":{"line":145,"column":0},"end":{"line":145,"column":53}},"145":{"start":{"line":146,"column":0},"end":{"line":146,"column":53}},"146":{"start":{"line":147,"column":0},"end":{"line":147,"column":79}},"147":{"start":{"line":148,"column":0},"end":{"line":148,"column":9}},"148":{"start":{"line":149,"column":0},"end":{"line":149,"column":7}},"149":{"start":{"line":150,"column":0},"end":{"line":150,"column":5}},"151":{"start":{"line":152,"column":0},"end":{"line":152,"column":29}},"153":{"start":{"line":154,"column":0},"end":{"line":154,"column":25}},"154":{"start":{"line":155,"column":0},"end":{"line":155,"column":24}},"155":{"start":{"line":156,"column":0},"end":{"line":156,"column":44}},"156":{"start":{"line":157,"column":0},"end":{"line":157,"column":54}},"157":{"start":{"line":158,"column":0},"end":{"line":158,"column":22}},"158":{"start":{"line":159,"column":0},"end":{"line":159,"column":36}},"159":{"start":{"line":160,"column":0},"end":{"line":160,"column":33}},"160":{"start":{"line":161,"column":0},"end":{"line":161,"column":21}},"161":{"start":{"line":162,"column":0},"end":{"line":162,"column":9}},"162":{"start":{"line":163,"column":0},"end":{"line":163,"column":56}},"163":{"start":{"line":164,"column":0},"end":{"line":164,"column":5}},"165":{"start":{"line":166,"column":0},"end":{"line":166,"column":14}},"167":{"start":{"line":168,"column":0},"end":{"line":168,"column":32}},"168":{"start":{"line":169,"column":0},"end":{"line":169,"column":39}},"169":{"start":{"line":170,"column":0},"end":{"line":170,"column":41}},"170":{"start":{"line":171,"column":0},"end":{"line":171,"column":31}},"171":{"start":{"line":172,"column":0},"end":{"line":172,"column":6}},"173":{"start":{"line":174,"column":0},"end":{"line":174,"column":52}},"174":{"start":{"line":175,"column":0},"end":{"line":175,"column":18}},"175":{"start":{"line":176,"column":0},"end":{"line":176,"column":59}},"176":{"start":{"line":177,"column":0},"end":{"line":177,"column":47}},"177":{"start":{"line":178,"column":0},"end":{"line":178,"column":5}},"178":{"start":{"line":179,"column":0},"end":{"line":179,"column":9}},"181":{"start":{"line":182,"column":0},"end":{"line":182,"column":19}},"182":{"start":{"line":183,"column":0},"end":{"line":183,"column":76}},"183":{"start":{"line":184,"column":0},"end":{"line":184,"column":82}},"184":{"start":{"line":185,"column":0},"end":{"line":185,"column":82}},"186":{"start":{"line":187,"column":0},"end":{"line":187,"column":29}},"187":{"start":{"line":188,"column":0},"end":{"line":188,"column":36}},"188":{"start":{"line":189,"column":0},"end":{"line":189,"column":36}},"189":{"start":{"line":190,"column":0},"end":{"line":190,"column":9}},"191":{"start":{"line":192,"column":0},"end":{"line":192,"column":34}},"192":{"start":{"line":193,"column":0},"end":{"line":193,"column":32}},"193":{"start":{"line":194,"column":0},"end":{"line":194,"column":27}},"194":{"start":{"line":195,"column":0},"end":{"line":195,"column":56}},"195":{"start":{"line":196,"column":0},"end":{"line":196,"column":4}},"197":{"start":{"line":198,"column":0},"end":{"line":198,"column":39}},"198":{"start":{"line":199,"column":0},"end":{"line":199,"column":35}},"199":{"start":{"line":200,"column":0},"end":{"line":200,"column":30}},"200":{"start":{"line":201,"column":0},"end":{"line":201,"column":58}},"201":{"start":{"line":202,"column":0},"end":{"line":202,"column":4}},"203":{"start":{"line":204,"column":0},"end":{"line":204,"column":39}},"204":{"start":{"line":205,"column":0},"end":{"line":205,"column":35}},"205":{"start":{"line":206,"column":0},"end":{"line":206,"column":30}},"206":{"start":{"line":207,"column":0},"end":{"line":207,"column":58}},"207":{"start":{"line":208,"column":0},"end":{"line":208,"column":4}},"209":{"start":{"line":210,"column":0},"end":{"line":210,"column":35}},"211":{"start":{"line":212,"column":0},"end":{"line":212,"column":22}},"214":{"start":{"line":215,"column":0},"end":{"line":215,"column":107}},"217":{"start":{"line":218,"column":0},"end":{"line":218,"column":61}},"220":{"start":{"line":221,"column":0},"end":{"line":221,"column":59}},"221":{"start":{"line":222,"column":0},"end":{"line":222,"column":58}},"222":{"start":{"line":223,"column":0},"end":{"line":223,"column":57}},"225":{"start":{"line":226,"column":0},"end":{"line":226,"column":72}},"228":{"start":{"line":229,"column":0},"end":{"line":229,"column":60}},"231":{"start":{"line":232,"column":0},"end":{"line":232,"column":95}},"234":{"start":{"line":235,"column":0},"end":{"line":235,"column":43}},"236":{"start":{"line":237,"column":0},"end":{"line":237,"column":18}},"237":{"start":{"line":238,"column":0},"end":{"line":238,"column":4}},"239":{"start":{"line":240,"column":0},"end":{"line":240,"column":41}},"240":{"start":{"line":241,"column":0},"end":{"line":241,"column":48}},"242":{"start":{"line":243,"column":0},"end":{"line":243,"column":42}},"243":{"start":{"line":244,"column":0},"end":{"line":244,"column":22}},"244":{"start":{"line":245,"column":0},"end":{"line":245,"column":75}},"245":{"start":{"line":246,"column":0},"end":{"line":246,"column":23}},"247":{"start":{"line":248,"column":0},"end":{"line":248,"column":9}},"248":{"start":{"line":249,"column":0},"end":{"line":249,"column":49}},"249":{"start":{"line":250,"column":0},"end":{"line":250,"column":23}},"250":{"start":{"line":251,"column":0},"end":{"line":251,"column":56}},"251":{"start":{"line":252,"column":0},"end":{"line":252,"column":30}},"252":{"start":{"line":253,"column":0},"end":{"line":253,"column":31}},"253":{"start":{"line":254,"column":0},"end":{"line":254,"column":32}},"254":{"start":{"line":255,"column":0},"end":{"line":255,"column":48}},"255":{"start":{"line":256,"column":0},"end":{"line":256,"column":39}},"256":{"start":{"line":257,"column":0},"end":{"line":257,"column":34}},"257":{"start":{"line":258,"column":0},"end":{"line":258,"column":10}},"258":{"start":{"line":259,"column":0},"end":{"line":259,"column":9}},"260":{"start":{"line":261,"column":0},"end":{"line":261,"column":25}},"261":{"start":{"line":262,"column":0},"end":{"line":262,"column":57}},"262":{"start":{"line":263,"column":0},"end":{"line":263,"column":7}},"264":{"start":{"line":265,"column":0},"end":{"line":265,"column":41}},"265":{"start":{"line":266,"column":0},"end":{"line":266,"column":82}},"266":{"start":{"line":267,"column":0},"end":{"line":267,"column":38}},"267":{"start":{"line":268,"column":0},"end":{"line":268,"column":20}},"268":{"start":{"line":269,"column":0},"end":{"line":269,"column":31}},"269":{"start":{"line":270,"column":0},"end":{"line":270,"column":21}},"270":{"start":{"line":271,"column":0},"end":{"line":271,"column":51}},"271":{"start":{"line":272,"column":0},"end":{"line":272,"column":49}},"272":{"start":{"line":273,"column":0},"end":{"line":273,"column":9}},"273":{"start":{"line":274,"column":0},"end":{"line":274,"column":10}},"276":{"start":{"line":277,"column":0},"end":{"line":277,"column":33}},"277":{"start":{"line":278,"column":0},"end":{"line":278,"column":26}},"278":{"start":{"line":279,"column":0},"end":{"line":279,"column":59}},"279":{"start":{"line":280,"column":0},"end":{"line":280,"column":61}},"280":{"start":{"line":281,"column":0},"end":{"line":281,"column":7}},"282":{"start":{"line":283,"column":0},"end":{"line":283,"column":21}},"283":{"start":{"line":284,"column":0},"end":{"line":284,"column":37}},"284":{"start":{"line":285,"column":0},"end":{"line":285,"column":38}},"285":{"start":{"line":286,"column":0},"end":{"line":286,"column":20}},"286":{"start":{"line":287,"column":0},"end":{"line":287,"column":88}},"287":{"start":{"line":288,"column":0},"end":{"line":288,"column":10}},"288":{"start":{"line":289,"column":0},"end":{"line":289,"column":15}},"289":{"start":{"line":290,"column":0},"end":{"line":290,"column":26}},"290":{"start":{"line":291,"column":0},"end":{"line":291,"column":5}},"291":{"start":{"line":292,"column":0},"end":{"line":292,"column":4}},"293":{"start":{"line":294,"column":0},"end":{"line":294,"column":48}},"294":{"start":{"line":295,"column":0},"end":{"line":295,"column":9}},"295":{"start":{"line":296,"column":0},"end":{"line":296,"column":51}},"296":{"start":{"line":297,"column":0},"end":{"line":297,"column":19}},"297":{"start":{"line":298,"column":0},"end":{"line":298,"column":44}},"298":{"start":{"line":299,"column":0},"end":{"line":299,"column":5}},"299":{"start":{"line":300,"column":0},"end":{"line":300,"column":4}},"302":{"start":{"line":303,"column":0},"end":{"line":303,"column":38}},"303":{"start":{"line":304,"column":0},"end":{"line":304,"column":9}},"304":{"start":{"line":305,"column":0},"end":{"line":305,"column":80}},"305":{"start":{"line":306,"column":0},"end":{"line":306,"column":56}},"306":{"start":{"line":307,"column":0},"end":{"line":307,"column":91}},"307":{"start":{"line":308,"column":0},"end":{"line":308,"column":9}},"309":{"start":{"line":310,"column":0},"end":{"line":310,"column":47}},"310":{"start":{"line":311,"column":0},"end":{"line":311,"column":34}},"312":{"start":{"line":313,"column":0},"end":{"line":313,"column":50}},"313":{"start":{"line":314,"column":0},"end":{"line":314,"column":34}},"314":{"start":{"line":315,"column":0},"end":{"line":315,"column":50}},"315":{"start":{"line":316,"column":0},"end":{"line":316,"column":9}},"316":{"start":{"line":317,"column":0},"end":{"line":317,"column":8}},"318":{"start":{"line":319,"column":0},"end":{"line":319,"column":42}},"319":{"start":{"line":320,"column":0},"end":{"line":320,"column":61}},"320":{"start":{"line":321,"column":0},"end":{"line":321,"column":39}},"321":{"start":{"line":322,"column":0},"end":{"line":322,"column":11}},"322":{"start":{"line":323,"column":0},"end":{"line":323,"column":51}},"323":{"start":{"line":324,"column":0},"end":{"line":324,"column":58}},"324":{"start":{"line":325,"column":0},"end":{"line":325,"column":8}},"326":{"start":{"line":327,"column":0},"end":{"line":327,"column":28}},"327":{"start":{"line":328,"column":0},"end":{"line":328,"column":27}},"328":{"start":{"line":329,"column":0},"end":{"line":329,"column":21}},"329":{"start":{"line":330,"column":0},"end":{"line":330,"column":56}},"330":{"start":{"line":331,"column":0},"end":{"line":331,"column":94}},"331":{"start":{"line":332,"column":0},"end":{"line":332,"column":5}},"332":{"start":{"line":333,"column":0},"end":{"line":333,"column":4}},"334":{"start":{"line":335,"column":0},"end":{"line":335,"column":31}},"335":{"start":{"line":336,"column":0},"end":{"line":336,"column":85}},"336":{"start":{"line":337,"column":0},"end":{"line":337,"column":38}},"337":{"start":{"line":338,"column":0},"end":{"line":338,"column":28}},"338":{"start":{"line":339,"column":0},"end":{"line":339,"column":5}},"339":{"start":{"line":340,"column":0},"end":{"line":340,"column":4}},"341":{"start":{"line":342,"column":0},"end":{"line":342,"column":58}},"342":{"start":{"line":343,"column":0},"end":{"line":343,"column":52}},"343":{"start":{"line":344,"column":0},"end":{"line":344,"column":23}},"345":{"start":{"line":346,"column":0},"end":{"line":346,"column":9}},"346":{"start":{"line":347,"column":0},"end":{"line":347,"column":38}},"347":{"start":{"line":348,"column":0},"end":{"line":348,"column":42}},"349":{"start":{"line":350,"column":0},"end":{"line":350,"column":61}},"350":{"start":{"line":351,"column":0},"end":{"line":351,"column":23}},"351":{"start":{"line":352,"column":0},"end":{"line":352,"column":24}},"352":{"start":{"line":353,"column":0},"end":{"line":353,"column":18}},"353":{"start":{"line":354,"column":0},"end":{"line":354,"column":40}},"354":{"start":{"line":355,"column":0},"end":{"line":355,"column":9}},"355":{"start":{"line":356,"column":0},"end":{"line":356,"column":9}},"357":{"start":{"line":358,"column":0},"end":{"line":358,"column":25}},"358":{"start":{"line":359,"column":0},"end":{"line":359,"column":67}},"359":{"start":{"line":360,"column":0},"end":{"line":360,"column":7}},"361":{"start":{"line":362,"column":0},"end":{"line":362,"column":43}},"362":{"start":{"line":363,"column":0},"end":{"line":363,"column":24}},"363":{"start":{"line":364,"column":0},"end":{"line":364,"column":35}},"364":{"start":{"line":365,"column":0},"end":{"line":365,"column":51}},"366":{"start":{"line":367,"column":0},"end":{"line":367,"column":28}},"367":{"start":{"line":368,"column":0},"end":{"line":368,"column":7}},"368":{"start":{"line":369,"column":0},"end":{"line":369,"column":21}},"369":{"start":{"line":370,"column":0},"end":{"line":370,"column":51}},"370":{"start":{"line":371,"column":0},"end":{"line":371,"column":61}},"371":{"start":{"line":372,"column":0},"end":{"line":372,"column":15}},"372":{"start":{"line":373,"column":0},"end":{"line":373,"column":26}},"373":{"start":{"line":374,"column":0},"end":{"line":374,"column":5}},"374":{"start":{"line":375,"column":0},"end":{"line":375,"column":4}},"376":{"start":{"line":377,"column":0},"end":{"line":377,"column":33}},"377":{"start":{"line":378,"column":0},"end":{"line":378,"column":22}},"378":{"start":{"line":379,"column":0},"end":{"line":379,"column":22}},"379":{"start":{"line":380,"column":0},"end":{"line":380,"column":12}},"380":{"start":{"line":381,"column":0},"end":{"line":381,"column":23}},"381":{"start":{"line":382,"column":0},"end":{"line":382,"column":5}},"382":{"start":{"line":383,"column":0},"end":{"line":383,"column":4}},"385":{"start":{"line":386,"column":0},"end":{"line":386,"column":61}},"387":{"start":{"line":388,"column":0},"end":{"line":388,"column":52}},"389":{"start":{"line":390,"column":0},"end":{"line":390,"column":60}},"390":{"start":{"line":391,"column":0},"end":{"line":391,"column":18}},"391":{"start":{"line":392,"column":0},"end":{"line":392,"column":22}},"392":{"start":{"line":393,"column":0},"end":{"line":393,"column":30}},"393":{"start":{"line":394,"column":0},"end":{"line":394,"column":55}},"394":{"start":{"line":395,"column":0},"end":{"line":395,"column":7}},"395":{"start":{"line":396,"column":0},"end":{"line":396,"column":73}},"396":{"start":{"line":397,"column":0},"end":{"line":397,"column":13}},"397":{"start":{"line":398,"column":0},"end":{"line":398,"column":5}},"399":{"start":{"line":400,"column":0},"end":{"line":400,"column":9}},"401":{"start":{"line":402,"column":0},"end":{"line":402,"column":44}},"403":{"start":{"line":404,"column":0},"end":{"line":404,"column":26}},"404":{"start":{"line":405,"column":0},"end":{"line":405,"column":63}},"405":{"start":{"line":406,"column":0},"end":{"line":406,"column":56}},"406":{"start":{"line":407,"column":0},"end":{"line":407,"column":59}},"407":{"start":{"line":408,"column":0},"end":{"line":408,"column":57}},"408":{"start":{"line":409,"column":0},"end":{"line":409,"column":49}},"409":{"start":{"line":410,"column":0},"end":{"line":410,"column":75}},"410":{"start":{"line":411,"column":0},"end":{"line":411,"column":59}},"411":{"start":{"line":412,"column":0},"end":{"line":412,"column":61}},"412":{"start":{"line":413,"column":0},"end":{"line":413,"column":55}},"413":{"start":{"line":414,"column":0},"end":{"line":414,"column":18}},"416":{"start":{"line":417,"column":0},"end":{"line":417,"column":25}},"417":{"start":{"line":418,"column":0},"end":{"line":418,"column":67}},"418":{"start":{"line":419,"column":0},"end":{"line":419,"column":62}},"419":{"start":{"line":420,"column":0},"end":{"line":420,"column":77}},"420":{"start":{"line":421,"column":0},"end":{"line":421,"column":55}},"421":{"start":{"line":422,"column":0},"end":{"line":422,"column":18}},"424":{"start":{"line":425,"column":0},"end":{"line":425,"column":45}},"425":{"start":{"line":426,"column":0},"end":{"line":426,"column":22}},"426":{"start":{"line":427,"column":0},"end":{"line":427,"column":9}},"429":{"start":{"line":430,"column":0},"end":{"line":430,"column":36}},"430":{"start":{"line":431,"column":0},"end":{"line":431,"column":54}},"431":{"start":{"line":432,"column":0},"end":{"line":432,"column":9}},"433":{"start":{"line":434,"column":0},"end":{"line":434,"column":23}},"434":{"start":{"line":435,"column":0},"end":{"line":435,"column":8}},"436":{"start":{"line":437,"column":0},"end":{"line":437,"column":54}},"438":{"start":{"line":439,"column":0},"end":{"line":439,"column":25}},"439":{"start":{"line":440,"column":0},"end":{"line":440,"column":50}},"440":{"start":{"line":441,"column":0},"end":{"line":441,"column":15}},"441":{"start":{"line":442,"column":0},"end":{"line":442,"column":7}},"443":{"start":{"line":444,"column":0},"end":{"line":444,"column":61}},"444":{"start":{"line":445,"column":0},"end":{"line":445,"column":23}},"445":{"start":{"line":446,"column":0},"end":{"line":446,"column":56}},"446":{"start":{"line":447,"column":0},"end":{"line":447,"column":51}},"447":{"start":{"line":448,"column":0},"end":{"line":448,"column":9}},"449":{"start":{"line":450,"column":0},"end":{"line":450,"column":25}},"450":{"start":{"line":451,"column":0},"end":{"line":451,"column":63}},"451":{"start":{"line":452,"column":0},"end":{"line":452,"column":7}},"453":{"start":{"line":454,"column":0},"end":{"line":454,"column":46}},"454":{"start":{"line":455,"column":0},"end":{"line":455,"column":54}},"455":{"start":{"line":456,"column":0},"end":{"line":456,"column":40}},"458":{"start":{"line":459,"column":0},"end":{"line":459,"column":54}},"461":{"start":{"line":462,"column":0},"end":{"line":462,"column":73}},"463":{"start":{"line":464,"column":0},"end":{"line":464,"column":29}},"464":{"start":{"line":465,"column":0},"end":{"line":465,"column":75}},"465":{"start":{"line":466,"column":0},"end":{"line":466,"column":38}},"466":{"start":{"line":467,"column":0},"end":{"line":467,"column":55}},"467":{"start":{"line":468,"column":0},"end":{"line":468,"column":8}},"469":{"start":{"line":470,"column":0},"end":{"line":470,"column":19}},"470":{"start":{"line":471,"column":0},"end":{"line":471,"column":21}},"471":{"start":{"line":472,"column":0},"end":{"line":472,"column":53}},"472":{"start":{"line":473,"column":0},"end":{"line":473,"column":5}},"473":{"start":{"line":474,"column":0},"end":{"line":474,"column":4}},"475":{"start":{"line":476,"column":0},"end":{"line":476,"column":10}},"476":{"start":{"line":477,"column":0},"end":{"line":477,"column":6}},"477":{"start":{"line":478,"column":0},"end":{"line":478,"column":33}},"478":{"start":{"line":479,"column":0},"end":{"line":479,"column":40}},"479":{"start":{"line":480,"column":0},"end":{"line":480,"column":32}},"480":{"start":{"line":481,"column":0},"end":{"line":481,"column":47}},"481":{"start":{"line":482,"column":0},"end":{"line":482,"column":33}},"482":{"start":{"line":483,"column":0},"end":{"line":483,"column":16}},"484":{"start":{"line":485,"column":0},"end":{"line":485,"column":15}},"485":{"start":{"line":486,"column":0},"end":{"line":486,"column":99}},"486":{"start":{"line":487,"column":0},"end":{"line":487,"column":168}},"487":{"start":{"line":488,"column":0},"end":{"line":488,"column":16}},"489":{"start":{"line":490,"column":0},"end":{"line":490,"column":41}},"490":{"start":{"line":491,"column":0},"end":{"line":491,"column":68}},"491":{"start":{"line":492,"column":0},"end":{"line":492,"column":57}},"492":{"start":{"line":493,"column":0},"end":{"line":493,"column":83}},"493":{"start":{"line":494,"column":0},"end":{"line":494,"column":75}},"494":{"start":{"line":495,"column":0},"end":{"line":495,"column":83}},"495":{"start":{"line":496,"column":0},"end":{"line":496,"column":18}},"496":{"start":{"line":497,"column":0},"end":{"line":497,"column":16}},"497":{"start":{"line":498,"column":0},"end":{"line":498,"column":14}},"498":{"start":{"line":499,"column":0},"end":{"line":499,"column":15}},"500":{"start":{"line":501,"column":0},"end":{"line":501,"column":51}},"502":{"start":{"line":503,"column":0},"end":{"line":503,"column":33}},"503":{"start":{"line":504,"column":0},"end":{"line":504,"column":40}},"504":{"start":{"line":505,"column":0},"end":{"line":505,"column":50}},"505":{"start":{"line":506,"column":0},"end":{"line":506,"column":41}},"506":{"start":{"line":507,"column":0},"end":{"line":507,"column":63}},"507":{"start":{"line":508,"column":0},"end":{"line":508,"column":47}},"508":{"start":{"line":509,"column":0},"end":{"line":509,"column":56}},"509":{"start":{"line":510,"column":0},"end":{"line":510,"column":80}},"510":{"start":{"line":511,"column":0},"end":{"line":511,"column":24}},"512":{"start":{"line":513,"column":0},"end":{"line":513,"column":49}},"513":{"start":{"line":514,"column":0},"end":{"line":514,"column":56}},"514":{"start":{"line":515,"column":0},"end":{"line":515,"column":73}},"515":{"start":{"line":516,"column":0},"end":{"line":516,"column":24}},"517":{"start":{"line":518,"column":0},"end":{"line":518,"column":49}},"518":{"start":{"line":519,"column":0},"end":{"line":519,"column":42}},"519":{"start":{"line":520,"column":0},"end":{"line":520,"column":31}},"521":{"start":{"line":522,"column":0},"end":{"line":522,"column":22}},"522":{"start":{"line":523,"column":0},"end":{"line":523,"column":94}},"523":{"start":{"line":524,"column":0},"end":{"line":524,"column":55}},"524":{"start":{"line":525,"column":0},"end":{"line":525,"column":103}},"525":{"start":{"line":526,"column":0},"end":{"line":526,"column":107}},"526":{"start":{"line":527,"column":0},"end":{"line":527,"column":224}},"527":{"start":{"line":528,"column":0},"end":{"line":528,"column":32}},"528":{"start":{"line":529,"column":0},"end":{"line":529,"column":43}},"529":{"start":{"line":530,"column":0},"end":{"line":530,"column":33}},"530":{"start":{"line":531,"column":0},"end":{"line":531,"column":32}},"531":{"start":{"line":532,"column":0},"end":{"line":532,"column":50}},"532":{"start":{"line":533,"column":0},"end":{"line":533,"column":76}},"533":{"start":{"line":534,"column":0},"end":{"line":534,"column":69}},"535":{"start":{"line":536,"column":0},"end":{"line":536,"column":108}},"536":{"start":{"line":537,"column":0},"end":{"line":537,"column":65}},"537":{"start":{"line":538,"column":0},"end":{"line":538,"column":154}},"539":{"start":{"line":540,"column":0},"end":{"line":540,"column":291}},"541":{"start":{"line":542,"column":0},"end":{"line":542,"column":32}},"542":{"start":{"line":543,"column":0},"end":{"line":543,"column":94}},"543":{"start":{"line":544,"column":0},"end":{"line":544,"column":33}},"544":{"start":{"line":545,"column":0},"end":{"line":545,"column":28}},"545":{"start":{"line":546,"column":0},"end":{"line":546,"column":23}},"547":{"start":{"line":548,"column":0},"end":{"line":548,"column":22}},"548":{"start":{"line":549,"column":0},"end":{"line":549,"column":20}},"549":{"start":{"line":550,"column":0},"end":{"line":550,"column":15}},"550":{"start":{"line":551,"column":0},"end":{"line":551,"column":27}},"551":{"start":{"line":552,"column":0},"end":{"line":552,"column":50}},"552":{"start":{"line":553,"column":0},"end":{"line":553,"column":66}},"553":{"start":{"line":554,"column":0},"end":{"line":554,"column":20}},"555":{"start":{"line":556,"column":0},"end":{"line":556,"column":40}},"556":{"start":{"line":557,"column":0},"end":{"line":557,"column":16}},"558":{"start":{"line":559,"column":0},"end":{"line":559,"column":43}},"559":{"start":{"line":560,"column":0},"end":{"line":560,"column":43}},"560":{"start":{"line":561,"column":0},"end":{"line":561,"column":46}},"561":{"start":{"line":562,"column":0},"end":{"line":562,"column":21}},"562":{"start":{"line":563,"column":0},"end":{"line":563,"column":95}},"563":{"start":{"line":564,"column":0},"end":{"line":564,"column":49}},"565":{"start":{"line":566,"column":0},"end":{"line":566,"column":33}},"566":{"start":{"line":567,"column":0},"end":{"line":567,"column":22}},"567":{"start":{"line":568,"column":0},"end":{"line":568,"column":21}},"568":{"start":{"line":569,"column":0},"end":{"line":569,"column":95}},"569":{"start":{"line":570,"column":0},"end":{"line":570,"column":49}},"571":{"start":{"line":572,"column":0},"end":{"line":572,"column":32}},"572":{"start":{"line":573,"column":0},"end":{"line":573,"column":22}},"573":{"start":{"line":574,"column":0},"end":{"line":574,"column":21}},"574":{"start":{"line":575,"column":0},"end":{"line":575,"column":90}},"575":{"start":{"line":576,"column":0},"end":{"line":576,"column":43}},"577":{"start":{"line":578,"column":0},"end":{"line":578,"column":58}},"578":{"start":{"line":579,"column":0},"end":{"line":579,"column":22}},"579":{"start":{"line":580,"column":0},"end":{"line":580,"column":20}},"581":{"start":{"line":582,"column":0},"end":{"line":582,"column":21}},"582":{"start":{"line":583,"column":0},"end":{"line":583,"column":28}},"583":{"start":{"line":584,"column":0},"end":{"line":584,"column":32}},"584":{"start":{"line":585,"column":0},"end":{"line":585,"column":129}},"585":{"start":{"line":586,"column":0},"end":{"line":586,"column":34}},"586":{"start":{"line":587,"column":0},"end":{"line":587,"column":34}},"587":{"start":{"line":588,"column":0},"end":{"line":588,"column":34}},"588":{"start":{"line":589,"column":0},"end":{"line":589,"column":48}},"589":{"start":{"line":590,"column":0},"end":{"line":590,"column":36}},"590":{"start":{"line":591,"column":0},"end":{"line":591,"column":70}},"591":{"start":{"line":592,"column":0},"end":{"line":592,"column":18}},"592":{"start":{"line":593,"column":0},"end":{"line":593,"column":36}},"593":{"start":{"line":594,"column":0},"end":{"line":594,"column":42}},"594":{"start":{"line":595,"column":0},"end":{"line":595,"column":40}},"595":{"start":{"line":596,"column":0},"end":{"line":596,"column":39}},"596":{"start":{"line":597,"column":0},"end":{"line":597,"column":19}},"597":{"start":{"line":598,"column":0},"end":{"line":598,"column":18}},"598":{"start":{"line":599,"column":0},"end":{"line":599,"column":49}},"599":{"start":{"line":600,"column":0},"end":{"line":600,"column":36}},"600":{"start":{"line":601,"column":0},"end":{"line":601,"column":16}},"601":{"start":{"line":602,"column":0},"end":{"line":602,"column":51}},"602":{"start":{"line":603,"column":0},"end":{"line":603,"column":36}},"603":{"start":{"line":604,"column":0},"end":{"line":604,"column":35}},"604":{"start":{"line":605,"column":0},"end":{"line":605,"column":64}},"605":{"start":{"line":606,"column":0},"end":{"line":606,"column":159}},"606":{"start":{"line":607,"column":0},"end":{"line":607,"column":68}},"607":{"start":{"line":608,"column":0},"end":{"line":608,"column":22}},"608":{"start":{"line":609,"column":0},"end":{"line":609,"column":23}},"609":{"start":{"line":610,"column":0},"end":{"line":610,"column":18}},"610":{"start":{"line":611,"column":0},"end":{"line":611,"column":16}},"611":{"start":{"line":612,"column":0},"end":{"line":612,"column":14}},"612":{"start":{"line":613,"column":0},"end":{"line":613,"column":12}},"613":{"start":{"line":614,"column":0},"end":{"line":614,"column":7}},"615":{"start":{"line":616,"column":0},"end":{"line":616,"column":1}},"617":{"start":{"line":618,"column":0},"end":{"line":618,"column":19}}},"s":{"0":1,"1":1,"2":1,"5":61,"6":61,"8":61,"9":1,"10":1,"12":60,"13":60,"14":60,"15":60,"16":60,"17":60,"18":60,"19":60,"20":60,"21":60,"22":60,"23":60,"24":60,"25":60,"26":60,"29":60,"30":2,"31":2,"32":2,"33":2,"34":2,"35":2,"36":2,"38":60,"39":60,"40":60,"41":2,"42":2,"43":2,"44":2,"45":60,"46":60,"48":60,"50":60,"51":18,"52":18,"54":60,"55":18,"56":60,"59":60,"60":10,"61":10,"63":10,"64":10,"65":10,"68":10,"69":10,"70":10,"72":10,"73":10,"74":10,"76":10,"77":10240,"78":10240,"79":10240,"80":10240,"82":10,"83":53248,"84":53248,"85":53248,"87":10,"88":26624,"89":26624,"90":26624,"92":10,"93":10,"94":2560,"95":2560,"96":2560,"97":2560,"98":2560,"99":2560,"100":2560,"101":2560,"102":2560,"103":2560,"105":10,"106":26624,"107":26624,"108":26624,"109":26624,"110":26624,"111":26624,"112":26624,"114":10,"115":26624,"116":26624,"117":26624,"118":26624,"119":26624,"120":26624,"121":26624,"122":26624,"123":26624,"124":26624,"125":26624,"126":26624,"127":26624,"128":26624,"129":26624,"130":26624,"131":26624,"132":26624,"133":26624,"134":26624,"135":10,"137":10,"138":10,"139":10,"140":10,"141":10,"142":10,"143":160,"144":2560,"145":2560,"146":2560,"147":2560,"148":160,"149":10,"151":10,"153":10,"154":10,"155":104,"156":104,"157":104,"158":104,"159":26624,"160":26624,"161":104,"162":104,"163":104,"165":10,"167":10,"168":0,"169":0,"170":0,"171":0,"173":10,"174":10,"175":10,"176":10,"177":10,"178":60,"181":60,"182":10,"183":10,"184":10,"186":10,"187":10,"188":10,"189":60,"191":60,"192":1,"193":1,"194":1,"195":1,"197":60,"198":1,"199":1,"200":1,"201":1,"203":60,"204":1,"205":1,"206":1,"207":1,"209":60,"211":5,"214":5,"217":5,"220":5,"221":5,"222":5,"225":5,"228":5,"231":5,"234":5,"236":5,"237":5,"239":60,"240":4,"242":4,"243":4,"244":4,"245":4,"247":4,"248":4,"249":4,"250":4,"251":4,"252":4,"253":4,"254":4,"255":4,"256":4,"257":4,"258":4,"260":4,"261":0,"262":0,"264":4,"265":4,"266":4,"267":4,"268":4,"269":4,"270":4,"271":4,"272":4,"273":4,"276":4,"277":0,"278":0,"279":0,"280":0,"282":4,"283":0,"284":0,"285":0,"286":0,"287":0,"288":4,"289":4,"290":4,"291":4,"293":60,"294":1,"295":1,"296":1,"297":0,"298":0,"299":1,"302":60,"303":1,"304":1,"305":1,"306":1,"307":1,"309":1,"310":1,"312":1,"313":0,"314":0,"315":0,"316":0,"318":1,"319":0,"320":0,"321":0,"322":0,"323":0,"324":0,"326":1,"327":1,"328":1,"329":0,"330":0,"331":0,"332":1,"334":60,"335":1,"336":1,"337":1,"338":1,"339":1,"341":60,"342":0,"343":0,"345":0,"346":0,"347":0,"349":0,"350":0,"351":0,"352":0,"353":0,"354":0,"355":0,"357":0,"358":0,"359":0,"361":0,"362":0,"363":0,"364":0,"366":0,"367":0,"368":0,"369":0,"370":0,"371":0,"372":0,"373":0,"374":0,"376":60,"377":2,"378":1,"379":1,"380":1,"381":1,"382":2,"385":60,"387":1,"389":0,"390":0,"391":0,"392":0,"393":0,"394":0,"395":0,"396":0,"397":0,"399":1,"401":1,"403":1,"404":1,"405":1,"406":1,"407":1,"408":1,"409":1,"410":1,"411":1,"412":1,"413":1,"416":1,"417":1,"418":1,"419":1,"420":1,"421":1,"424":1,"425":0,"426":0,"429":1,"430":0,"431":0,"433":1,"434":1,"436":1,"438":1,"439":0,"440":0,"441":0,"443":1,"444":1,"445":1,"446":1,"447":1,"449":1,"450":0,"451":0,"453":1,"454":1,"455":1,"458":1,"461":1,"463":1,"464":0,"465":0,"466":0,"467":0,"469":1,"470":1,"471":0,"472":0,"473":1,"475":60,"476":60,"477":60,"478":60,"479":60,"480":60,"481":60,"482":60,"484":60,"485":60,"486":60,"487":60,"489":60,"490":60,"491":60,"492":61,"493":61,"494":61,"495":61,"496":61,"497":61,"498":61,"500":61,"502":61,"503":61,"504":61,"505":61,"506":14,"507":14,"508":0,"509":0,"510":0,"512":14,"513":0,"514":0,"515":0,"517":14,"518":14,"519":9,"521":5,"522":5,"523":5,"524":5,"525":5,"526":5,"527":5,"528":5,"529":5,"530":5,"531":5,"532":5,"533":5,"535":5,"536":5,"537":1,"539":4,"541":5,"542":5,"543":5,"544":5,"545":5,"547":14,"548":14,"549":61,"550":61,"551":4,"552":4,"553":4,"555":61,"556":61,"558":61,"559":61,"560":61,"561":61,"562":61,"563":61,"565":61,"566":61,"567":61,"568":61,"569":61,"571":61,"572":61,"573":61,"574":61,"575":61,"577":61,"578":61,"579":61,"581":61,"582":61,"583":61,"584":61,"585":61,"586":61,"587":61,"588":24,"589":24,"590":24,"591":24,"592":61,"593":24,"594":0,"595":0,"596":0,"597":24,"598":61,"599":61,"600":61,"601":61,"602":4,"603":4,"604":61,"605":61,"606":61,"607":61,"608":61,"609":61,"610":61,"611":61,"612":61,"613":61,"615":61,"617":1},"branchMap":{"0":{"type":"branch","line":6,"loc":{"start":{"line":6,"column":0},"end":{"line":616,"column":1}},"locations":[{"start":{"line":6,"column":0},"end":{"line":616,"column":1}}]},"1":{"type":"branch","line":9,"loc":{"start":{"line":9,"column":20},"end":{"line":11,"column":3}},"locations":[{"start":{"line":9,"column":20},"end":{"line":11,"column":3}}]},"2":{"type":"branch","line":11,"loc":{"start":{"line":11,"column":2},"end":{"line":493,"column":60}},"locations":[{"start":{"line":11,"column":2},"end":{"line":493,"column":60}}]},"3":{"type":"branch","line":493,"loc":{"start":{"line":493,"column":47},"end":{"line":493,"column":71}},"locations":[{"start":{"line":493,"column":47},"end":{"line":493,"column":71}}]},"4":{"type":"branch","line":493,"loc":{"start":{"line":493,"column":60},"end":{"line":493,"column":73}},"locations":[{"start":{"line":493,"column":60},"end":{"line":493,"column":73}}]},"5":{"type":"branch","line":494,"loc":{"start":{"line":494,"column":43},"end":{"line":494,"column":63}},"locations":[{"start":{"line":494,"column":43},"end":{"line":494,"column":63}}]},"6":{"type":"branch","line":494,"loc":{"start":{"line":494,"column":56},"end":{"line":494,"column":68}},"locations":[{"start":{"line":494,"column":56},"end":{"line":494,"column":68}}]},"7":{"type":"branch","line":495,"loc":{"start":{"line":495,"column":44},"end":{"line":495,"column":66}},"locations":[{"start":{"line":495,"column":44},"end":{"line":495,"column":66}}]},"8":{"type":"branch","line":495,"loc":{"start":{"line":495,"column":57},"end":{"line":495,"column":76}},"locations":[{"start":{"line":495,"column":57},"end":{"line":495,"column":76}}]},"9":{"type":"branch","line":551,"loc":{"start":{"line":551,"column":13},"end":{"line":554,"column":20}},"locations":[{"start":{"line":551,"column":13},"end":{"line":554,"column":20}}]},"10":{"type":"branch","line":563,"loc":{"start":{"line":563,"column":64},"end":{"line":563,"column":90}},"locations":[{"start":{"line":563,"column":64},"end":{"line":563,"column":90}}]},"11":{"type":"branch","line":563,"loc":{"start":{"line":563,"column":79},"end":{"line":563,"column":92}},"locations":[{"start":{"line":563,"column":79},"end":{"line":563,"column":92}}]},"12":{"type":"branch","line":569,"loc":{"start":{"line":569,"column":64},"end":{"line":569,"column":90}},"locations":[{"start":{"line":569,"column":64},"end":{"line":569,"column":90}}]},"13":{"type":"branch","line":569,"loc":{"start":{"line":569,"column":79},"end":{"line":569,"column":92}},"locations":[{"start":{"line":569,"column":79},"end":{"line":569,"column":92}}]},"14":{"type":"branch","line":575,"loc":{"start":{"line":575,"column":57},"end":{"line":575,"column":85}},"locations":[{"start":{"line":575,"column":57},"end":{"line":575,"column":85}}]},"15":{"type":"branch","line":575,"loc":{"start":{"line":575,"column":71},"end":{"line":575,"column":87}},"locations":[{"start":{"line":575,"column":71},"end":{"line":575,"column":87}}]},"16":{"type":"branch","line":578,"loc":{"start":{"line":578,"column":25},"end":{"line":578,"column":46}},"locations":[{"start":{"line":578,"column":25},"end":{"line":578,"column":46}}]},"17":{"type":"branch","line":578,"loc":{"start":{"line":578,"column":39},"end":{"line":578,"column":51}},"locations":[{"start":{"line":578,"column":39},"end":{"line":578,"column":51}}]},"18":{"type":"branch","line":585,"loc":{"start":{"line":585,"column":29},"end":{"line":585,"column":101}},"locations":[{"start":{"line":585,"column":29},"end":{"line":585,"column":101}}]},"19":{"type":"branch","line":585,"loc":{"start":{"line":585,"column":42},"end":{"line":585,"column":129}},"locations":[{"start":{"line":585,"column":42},"end":{"line":585,"column":129}}]},"20":{"type":"branch","line":30,"loc":{"start":{"line":30,"column":20},"end":{"line":37,"column":4}},"locations":[{"start":{"line":30,"column":20},"end":{"line":37,"column":4}}]},"21":{"type":"branch","line":39,"loc":{"start":{"line":39,"column":23},"end":{"line":47,"column":4}},"locations":[{"start":{"line":39,"column":23},"end":{"line":47,"column":4}}]},"22":{"type":"branch","line":41,"loc":{"start":{"line":41,"column":20},"end":{"line":45,"column":5}},"locations":[{"start":{"line":41,"column":20},"end":{"line":45,"column":5}}]},"23":{"type":"branch","line":51,"loc":{"start":{"line":51,"column":25},"end":{"line":53,"column":4}},"locations":[{"start":{"line":51,"column":25},"end":{"line":53,"column":4}}]},"24":{"type":"branch","line":55,"loc":{"start":{"line":55,"column":12},"end":{"line":57,"column":5}},"locations":[{"start":{"line":55,"column":12},"end":{"line":57,"column":5}}]},"25":{"type":"branch","line":60,"loc":{"start":{"line":60,"column":12},"end":{"line":179,"column":5}},"locations":[{"start":{"line":60,"column":12},"end":{"line":179,"column":5}}]},"26":{"type":"branch","line":62,"loc":{"start":{"line":62,"column":17},"end":{"line":62,"column":24}},"locations":[{"start":{"line":62,"column":17},"end":{"line":62,"column":24}}]},"27":{"type":"branch","line":77,"loc":{"start":{"line":77,"column":45},"end":{"line":81,"column":5}},"locations":[{"start":{"line":77,"column":45},"end":{"line":81,"column":5}}]},"28":{"type":"branch","line":83,"loc":{"start":{"line":83,"column":4},"end":{"line":86,"column":5}},"locations":[{"start":{"line":83,"column":4},"end":{"line":86,"column":5}}]},"29":{"type":"branch","line":88,"loc":{"start":{"line":88,"column":4},"end":{"line":91,"column":5}},"locations":[{"start":{"line":88,"column":4},"end":{"line":91,"column":5}}]},"30":{"type":"branch","line":94,"loc":{"start":{"line":94,"column":6},"end":{"line":104,"column":7}},"locations":[{"start":{"line":94,"column":6},"end":{"line":104,"column":7}}]},"31":{"type":"branch","line":106,"loc":{"start":{"line":106,"column":6},"end":{"line":113,"column":7}},"locations":[{"start":{"line":106,"column":6},"end":{"line":113,"column":7}}]},"32":{"type":"branch","line":115,"loc":{"start":{"line":115,"column":6},"end":{"line":135,"column":7}},"locations":[{"start":{"line":115,"column":6},"end":{"line":135,"column":7}}]},"33":{"type":"branch","line":138,"loc":{"start":{"line":138,"column":4},"end":{"line":150,"column":5}},"locations":[{"start":{"line":138,"column":4},"end":{"line":150,"column":5}}]},"34":{"type":"branch","line":143,"loc":{"start":{"line":143,"column":45},"end":{"line":149,"column":7}},"locations":[{"start":{"line":143,"column":45},"end":{"line":149,"column":7}}]},"35":{"type":"branch","line":144,"loc":{"start":{"line":144,"column":47},"end":{"line":148,"column":9}},"locations":[{"start":{"line":144,"column":47},"end":{"line":148,"column":9}}]},"36":{"type":"branch","line":155,"loc":{"start":{"line":155,"column":4},"end":{"line":164,"column":5}},"locations":[{"start":{"line":155,"column":4},"end":{"line":164,"column":5}}]},"37":{"type":"branch","line":159,"loc":{"start":{"line":159,"column":26},"end":{"line":162,"column":7}},"locations":[{"start":{"line":159,"column":26},"end":{"line":162,"column":7}}]},"38":{"type":"branch","line":175,"loc":{"start":{"line":175,"column":11},"end":{"line":178,"column":5}},"locations":[{"start":{"line":175,"column":11},"end":{"line":178,"column":5}}]},"39":{"type":"branch","line":182,"loc":{"start":{"line":182,"column":12},"end":{"line":190,"column":5}},"locations":[{"start":{"line":182,"column":12},"end":{"line":190,"column":5}}]},"40":{"type":"branch","line":192,"loc":{"start":{"line":192,"column":27},"end":{"line":196,"column":4}},"locations":[{"start":{"line":192,"column":27},"end":{"line":196,"column":4}}]},"41":{"type":"branch","line":198,"loc":{"start":{"line":198,"column":32},"end":{"line":202,"column":4}},"locations":[{"start":{"line":198,"column":32},"end":{"line":202,"column":4}}]},"42":{"type":"branch","line":204,"loc":{"start":{"line":204,"column":32},"end":{"line":208,"column":4}},"locations":[{"start":{"line":204,"column":32},"end":{"line":208,"column":4}}]},"43":{"type":"branch","line":210,"loc":{"start":{"line":210,"column":24},"end":{"line":238,"column":4}},"locations":[{"start":{"line":210,"column":24},"end":{"line":238,"column":4}}]},"44":{"type":"branch","line":240,"loc":{"start":{"line":240,"column":28},"end":{"line":292,"column":4}},"locations":[{"start":{"line":240,"column":28},"end":{"line":292,"column":4}}]},"45":{"type":"branch","line":241,"loc":{"start":{"line":241,"column":41},"end":{"line":241,"column":48}},"locations":[{"start":{"line":241,"column":41},"end":{"line":241,"column":48}}]},"46":{"type":"branch","line":255,"loc":{"start":{"line":255,"column":16},"end":{"line":255,"column":38}},"locations":[{"start":{"line":255,"column":16},"end":{"line":255,"column":38}}]},"47":{"type":"branch","line":255,"loc":{"start":{"line":255,"column":29},"end":{"line":255,"column":48}},"locations":[{"start":{"line":255,"column":29},"end":{"line":255,"column":48}}]},"48":{"type":"branch","line":261,"loc":{"start":{"line":261,"column":24},"end":{"line":263,"column":7}},"locations":[{"start":{"line":261,"column":24},"end":{"line":263,"column":7}}]},"49":{"type":"branch","line":277,"loc":{"start":{"line":277,"column":10},"end":{"line":277,"column":32}},"locations":[{"start":{"line":277,"column":10},"end":{"line":277,"column":32}}]},"50":{"type":"branch","line":277,"loc":{"start":{"line":277,"column":32},"end":{"line":281,"column":7}},"locations":[{"start":{"line":277,"column":32},"end":{"line":281,"column":7}}]},"51":{"type":"branch","line":283,"loc":{"start":{"line":283,"column":4},"end":{"line":289,"column":6}},"locations":[{"start":{"line":283,"column":4},"end":{"line":289,"column":6}}]},"52":{"type":"branch","line":245,"loc":{"start":{"line":245,"column":16},"end":{"line":245,"column":73}},"locations":[{"start":{"line":245,"column":16},"end":{"line":245,"column":73}}]},"53":{"type":"branch","line":267,"loc":{"start":{"line":267,"column":18},"end":{"line":274,"column":8}},"locations":[{"start":{"line":267,"column":18},"end":{"line":274,"column":8}}]},"54":{"type":"branch","line":294,"loc":{"start":{"line":294,"column":28},"end":{"line":300,"column":4}},"locations":[{"start":{"line":294,"column":28},"end":{"line":300,"column":4}}]},"55":{"type":"branch","line":297,"loc":{"start":{"line":297,"column":4},"end":{"line":299,"column":5}},"locations":[{"start":{"line":297,"column":4},"end":{"line":299,"column":5}}]},"56":{"type":"branch","line":303,"loc":{"start":{"line":303,"column":25},"end":{"line":333,"column":4}},"locations":[{"start":{"line":303,"column":25},"end":{"line":333,"column":4}}]},"57":{"type":"branch","line":307,"loc":{"start":{"line":307,"column":64},"end":{"line":307,"column":91}},"locations":[{"start":{"line":307,"column":64},"end":{"line":307,"column":91}}]},"58":{"type":"branch","line":329,"loc":{"start":{"line":329,"column":4},"end":{"line":332,"column":5}},"locations":[{"start":{"line":329,"column":4},"end":{"line":332,"column":5}}]},"59":{"type":"branch","line":335,"loc":{"start":{"line":335,"column":24},"end":{"line":340,"column":4}},"locations":[{"start":{"line":335,"column":24},"end":{"line":340,"column":4}}]},"60":{"type":"branch","line":377,"loc":{"start":{"line":377,"column":26},"end":{"line":383,"column":4}},"locations":[{"start":{"line":377,"column":26},"end":{"line":383,"column":4}}]},"61":{"type":"branch","line":378,"loc":{"start":{"line":378,"column":21},"end":{"line":382,"column":5}},"locations":[{"start":{"line":378,"column":21},"end":{"line":382,"column":5}}]},"62":{"type":"branch","line":386,"loc":{"start":{"line":386,"column":27},"end":{"line":474,"column":4}},"locations":[{"start":{"line":386,"column":27},"end":{"line":474,"column":4}}]},"63":{"type":"branch","line":388,"loc":{"start":{"line":388,"column":51},"end":{"line":398,"column":5}},"locations":[{"start":{"line":388,"column":51},"end":{"line":398,"column":5}}]},"64":{"type":"branch","line":439,"loc":{"start":{"line":439,"column":24},"end":{"line":442,"column":7}},"locations":[{"start":{"line":439,"column":24},"end":{"line":442,"column":7}}]},"65":{"type":"branch","line":450,"loc":{"start":{"line":450,"column":24},"end":{"line":452,"column":7}},"locations":[{"start":{"line":450,"column":24},"end":{"line":452,"column":7}}]},"66":{"type":"branch","line":471,"loc":{"start":{"line":471,"column":4},"end":{"line":473,"column":5}},"locations":[{"start":{"line":471,"column":4},"end":{"line":473,"column":5}}]},"67":{"type":"branch","line":402,"loc":{"start":{"line":402,"column":33},"end":{"line":435,"column":8}},"locations":[{"start":{"line":402,"column":33},"end":{"line":435,"column":8}}]},"68":{"type":"branch","line":425,"loc":{"start":{"line":425,"column":44},"end":{"line":427,"column":9}},"locations":[{"start":{"line":425,"column":44},"end":{"line":427,"column":9}}]},"69":{"type":"branch","line":430,"loc":{"start":{"line":430,"column":35},"end":{"line":432,"column":9}},"locations":[{"start":{"line":430,"column":35},"end":{"line":432,"column":9}}]},"70":{"type":"branch","line":462,"loc":{"start":{"line":462,"column":23},"end":{"line":462,"column":71}},"locations":[{"start":{"line":462,"column":23},"end":{"line":462,"column":71}}]},"71":{"type":"branch","line":506,"loc":{"start":{"line":506,"column":26},"end":{"line":549,"column":20}},"locations":[{"start":{"line":506,"column":26},"end":{"line":549,"column":20}}]},"72":{"type":"branch","line":508,"loc":{"start":{"line":508,"column":21},"end":{"line":508,"column":47}},"locations":[{"start":{"line":508,"column":21},"end":{"line":508,"column":47}}]},"73":{"type":"branch","line":508,"loc":{"start":{"line":508,"column":33},"end":{"line":511,"column":24}},"locations":[{"start":{"line":508,"column":33},"end":{"line":511,"column":24}}]},"74":{"type":"branch","line":513,"loc":{"start":{"line":513,"column":21},"end":{"line":513,"column":49}},"locations":[{"start":{"line":513,"column":21},"end":{"line":513,"column":49}}]},"75":{"type":"branch","line":513,"loc":{"start":{"line":513,"column":33},"end":{"line":516,"column":24}},"locations":[{"start":{"line":513,"column":33},"end":{"line":516,"column":24}}]},"76":{"type":"branch","line":519,"loc":{"start":{"line":519,"column":32},"end":{"line":520,"column":31}},"locations":[{"start":{"line":519,"column":32},"end":{"line":520,"column":31}}]},"77":{"type":"branch","line":520,"loc":{"start":{"line":520,"column":24},"end":{"line":546,"column":23}},"locations":[{"start":{"line":520,"column":24},"end":{"line":546,"column":23}}]},"78":{"type":"branch","line":537,"loc":{"start":{"line":537,"column":52},"end":{"line":538,"column":154}},"locations":[{"start":{"line":537,"column":52},"end":{"line":538,"column":154}}]},"79":{"type":"branch","line":538,"loc":{"start":{"line":538,"column":147},"end":{"line":540,"column":291}},"locations":[{"start":{"line":538,"column":147},"end":{"line":540,"column":291}}]},"80":{"type":"branch","line":543,"loc":{"start":{"line":543,"column":56},"end":{"line":543,"column":80}},"locations":[{"start":{"line":543,"column":56},"end":{"line":543,"column":80}}]},"81":{"type":"branch","line":543,"loc":{"start":{"line":543,"column":68},"end":{"line":543,"column":87}},"locations":[{"start":{"line":543,"column":68},"end":{"line":543,"column":87}}]},"82":{"type":"branch","line":525,"loc":{"start":{"line":525,"column":65},"end":{"line":525,"column":103}},"locations":[{"start":{"line":525,"column":65},"end":{"line":525,"column":103}}]},"83":{"type":"branch","line":533,"loc":{"start":{"line":533,"column":35},"end":{"line":533,"column":76}},"locations":[{"start":{"line":533,"column":35},"end":{"line":533,"column":76}}]},"84":{"type":"branch","line":588,"loc":{"start":{"line":588,"column":26},"end":{"line":592,"column":18}},"locations":[{"start":{"line":588,"column":26},"end":{"line":592,"column":18}}]},"85":{"type":"branch","line":593,"loc":{"start":{"line":593,"column":28},"end":{"line":598,"column":18}},"locations":[{"start":{"line":593,"column":28},"end":{"line":598,"column":18}}]},"86":{"type":"branch","line":594,"loc":{"start":{"line":594,"column":41},"end":{"line":597,"column":19}},"locations":[{"start":{"line":594,"column":41},"end":{"line":597,"column":19}}]},"87":{"type":"branch","line":599,"loc":{"start":{"line":599,"column":24},"end":{"line":599,"column":49}},"locations":[{"start":{"line":599,"column":24},"end":{"line":599,"column":49}}]},"88":{"type":"branch","line":602,"loc":{"start":{"line":602,"column":44},"end":{"line":605,"column":17}},"locations":[{"start":{"line":602,"column":44},"end":{"line":605,"column":17}}]}},"b":{"0":[61],"1":[1],"2":[60],"3":[26],"4":[34],"5":[26],"6":[34],"7":[26],"8":[34],"9":[4],"10":[23],"11":[37],"12":[21],"13":[39],"14":[1],"15":[59],"16":[1],"17":[59],"18":[26],"19":[34],"20":[2],"21":[60],"22":[2],"23":[18],"24":[18],"25":[10],"26":[0],"27":[10240],"28":[53248],"29":[26624],"30":[2560],"31":[26624],"32":[26624],"33":[10],"34":[160],"35":[2560],"36":[104],"37":[26624],"38":[10],"39":[10],"40":[1],"41":[1],"42":[1],"43":[5],"44":[4],"45":[0],"46":[2],"47":[2],"48":[0],"49":[0],"50":[0],"51":[0],"52":[4],"53":[4],"54":[1],"55":[0],"56":[1],"57":[0],"58":[0],"59":[1],"60":[2],"61":[1],"62":[1],"63":[0],"64":[0],"65":[0],"66":[0],"67":[1],"68":[0],"69":[0],"70":[1],"71":[14],"72":[5],"73":[0],"74":[5],"75":[0],"76":[9],"77":[5],"78":[1],"79":[4],"80":[1],"81":[4],"82":[1],"83":[1],"84":[24],"85":[24],"86":[0],"87":[4],"88":[4]},"fnMap":{"0":{"name":"App","decl":{"start":{"line":6,"column":0},"end":{"line":616,"column":1}},"loc":{"start":{"line":6,"column":0},"end":{"line":616,"column":1}},"line":6},"1":{"name":"getUserId","decl":{"start":{"line":30,"column":20},"end":{"line":37,"column":4}},"loc":{"start":{"line":30,"column":20},"end":{"line":37,"column":4}},"line":30},"2":{"name":"getSessionId","decl":{"start":{"line":39,"column":23},"end":{"line":47,"column":4}},"loc":{"start":{"line":39,"column":23},"end":{"line":47,"column":4}},"line":39},"3":{"name":"scrollToBottom","decl":{"start":{"line":51,"column":25},"end":{"line":53,"column":4}},"loc":{"start":{"line":51,"column":25},"end":{"line":53,"column":4}},"line":51},"4":{"name":"fastSin","decl":{"start":{"line":83,"column":4},"end":{"line":86,"column":5}},"loc":{"start":{"line":83,"column":4},"end":{"line":86,"column":5}},"line":83},"5":{"name":"fastCos","decl":{"start":{"line":88,"column":4},"end":{"line":91,"column":5}},"loc":{"start":{"line":88,"column":4},"end":{"line":91,"column":5}},"line":88},"6":{"name":"OptimizedQuantumPoint","decl":{"start":{"line":94,"column":6},"end":{"line":104,"column":7}},"loc":{"start":{"line":94,"column":6},"end":{"line":104,"column":7}},"line":94},"7":{"name":"update","decl":{"start":{"line":106,"column":6},"end":{"line":113,"column":7}},"loc":{"start":{"line":106,"column":6},"end":{"line":113,"column":7}},"line":106},"8":{"name":"draw","decl":{"start":{"line":115,"column":6},"end":{"line":135,"column":7}},"loc":{"start":{"line":115,"column":6},"end":{"line":135,"column":7}},"line":115},"9":{"name":"initializeQuantumField","decl":{"start":{"line":138,"column":4},"end":{"line":150,"column":5}},"loc":{"start":{"line":138,"column":4},"end":{"line":150,"column":5}},"line":138},"10":{"name":"animate","decl":{"start":{"line":155,"column":4},"end":{"line":164,"column":5}},"loc":{"start":{"line":155,"column":4},"end":{"line":164,"column":5}},"line":155},"11":{"name":"handleResize","decl":{"start":{"line":168,"column":25},"end":{"line":172,"column":6}},"loc":{"start":{"line":168,"column":25},"end":{"line":172,"column":6}},"line":168},"12":{"name":"handleModeToggle","decl":{"start":{"line":192,"column":27},"end":{"line":196,"column":4}},"loc":{"start":{"line":192,"column":27},"end":{"line":196,"column":4}},"line":192},"13":{"name":"handleWebSearchToggle","decl":{"start":{"line":198,"column":32},"end":{"line":202,"column":4}},"loc":{"start":{"line":198,"column":32},"end":{"line":202,"column":4}},"line":198},"14":{"name":"handleFactCheckToggle","decl":{"start":{"line":204,"column":32},"end":{"line":208,"column":4}},"loc":{"start":{"line":204,"column":32},"end":{"line":208,"column":4}},"line":204},"15":{"name":"parseMarkdown","decl":{"start":{"line":210,"column":24},"end":{"line":238,"column":4}},"loc":{"start":{"line":210,"column":24},"end":{"line":238,"column":4}},"line":210},"16":{"name":"handleSendMessage","decl":{"start":{"line":240,"column":28},"end":{"line":292,"column":4}},"loc":{"start":{"line":240,"column":28},"end":{"line":292,"column":4}},"line":240},"17":{"name":"handleCopyMessage","decl":{"start":{"line":294,"column":28},"end":{"line":300,"column":4}},"loc":{"start":{"line":294,"column":28},"end":{"line":300,"column":4}},"line":294},"18":{"name":"startRecording","decl":{"start":{"line":303,"column":25},"end":{"line":333,"column":4}},"loc":{"start":{"line":303,"column":25},"end":{"line":333,"column":4}},"line":303},"19":{"name":"mediaRecorder.ondataavailable","decl":{"start":{"line":313,"column":38},"end":{"line":317,"column":8}},"loc":{"start":{"line":313,"column":38},"end":{"line":317,"column":8}},"line":313},"20":{"name":"mediaRecorder.onstop","decl":{"start":{"line":319,"column":29},"end":{"line":325,"column":8}},"loc":{"start":{"line":319,"column":29},"end":{"line":325,"column":8}},"line":319},"21":{"name":"stopRecording","decl":{"start":{"line":335,"column":24},"end":{"line":340,"column":4}},"loc":{"start":{"line":335,"column":24},"end":{"line":340,"column":4}},"line":335},"22":{"name":"sendAudioForTranscription","decl":{"start":{"line":342,"column":36},"end":{"line":375,"column":4}},"loc":{"start":{"line":342,"column":36},"end":{"line":375,"column":4}},"line":342},"23":{"name":"toggleRecording","decl":{"start":{"line":377,"column":26},"end":{"line":383,"column":4}},"loc":{"start":{"line":377,"column":26},"end":{"line":383,"column":4}},"line":377},"24":{"name":"playAudioMessage","decl":{"start":{"line":386,"column":27},"end":{"line":474,"column":4}},"loc":{"start":{"line":386,"column":27},"end":{"line":474,"column":4}},"line":386},"25":{"name":"cleanTextForSpeech","decl":{"start":{"line":402,"column":33},"end":{"line":435,"column":8}},"loc":{"start":{"line":402,"column":33},"end":{"line":435,"column":8}},"line":402},"26":{"name":"audio.onended","decl":{"start":{"line":464,"column":22},"end":{"line":468,"column":8}},"loc":{"start":{"line":464,"column":22},"end":{"line":468,"column":8}},"line":464},"27":{"name":"onClick","decl":{"start":{"line":525,"column":65},"end":{"line":525,"column":103}},"loc":{"start":{"line":525,"column":65},"end":{"line":525,"column":103}},"line":525},"28":{"name":"onClick","decl":{"start":{"line":533,"column":35},"end":{"line":533,"column":76}},"loc":{"start":{"line":533,"column":35},"end":{"line":533,"column":76}},"line":533},"29":{"name":"onChange","decl":{"start":{"line":588,"column":26},"end":{"line":592,"column":18}},"loc":{"start":{"line":588,"column":26},"end":{"line":592,"column":18}},"line":588},"30":{"name":"onKeyPress","decl":{"start":{"line":593,"column":28},"end":{"line":598,"column":18}},"loc":{"start":{"line":593,"column":28},"end":{"line":598,"column":18}},"line":593},"31":{"name":"onBlur","decl":{"start":{"line":599,"column":24},"end":{"line":599,"column":49}},"loc":{"start":{"line":599,"column":24},"end":{"line":599,"column":49}},"line":599},"32":{"name":"onClick","decl":{"start":{"line":602,"column":44},"end":{"line":605,"column":17}},"loc":{"start":{"line":602,"column":44},"end":{"line":605,"column":17}},"line":602}},"f":{"0":61,"1":2,"2":60,"3":18,"4":53248,"5":26624,"6":2560,"7":26624,"8":26624,"9":10,"10":104,"11":0,"12":1,"13":1,"14":1,"15":5,"16":4,"17":1,"18":1,"19":0,"20":0,"21":1,"22":0,"23":2,"24":1,"25":1,"26":0,"27":1,"28":1,"29":24,"30":24,"31":4,"32":4}}
,"/home/administrator/think_ai/frontend/src/components/SmartwatchView.jsx": {"path":"/home/administrator/think_ai/frontend/src/components/SmartwatchView.jsx","all":false,"statementMap":{"1":{"start":{"line":2,"column":0},"end":{"line":2,"column":59}},"2":{"start":{"line":3,"column":0},"end":{"line":3,"column":30}},"4":{"start":{"line":5,"column":0},"end":{"line":5,"column":37}},"5":{"start":{"line":6,"column":0},"end":{"line":6,"column":56}},"6":{"start":{"line":7,"column":0},"end":{"line":7,"column":52}},"7":{"start":{"line":8,"column":0},"end":{"line":8,"column":69}},"8":{"start":{"line":9,"column":0},"end":{"line":9,"column":40}},"9":{"start":{"line":10,"column":0},"end":{"line":10,"column":36}},"11":{"start":{"line":12,"column":0},"end":{"line":12,"column":27}},"12":{"start":{"line":13,"column":0},"end":{"line":13,"column":58}},"13":{"start":{"line":14,"column":0},"end":{"line":14,"column":18}},"14":{"start":{"line":15,"column":0},"end":{"line":15,"column":84}},"15":{"start":{"line":16,"column":0},"end":{"line":16,"column":55}},"16":{"start":{"line":17,"column":0},"end":{"line":17,"column":5}},"17":{"start":{"line":18,"column":0},"end":{"line":18,"column":18}},"18":{"start":{"line":19,"column":0},"end":{"line":19,"column":4}},"20":{"start":{"line":21,"column":0},"end":{"line":21,"column":30}},"21":{"start":{"line":22,"column":0},"end":{"line":22,"column":64}},"22":{"start":{"line":23,"column":0},"end":{"line":23,"column":21}},"23":{"start":{"line":24,"column":0},"end":{"line":24,"column":33}},"24":{"start":{"line":25,"column":0},"end":{"line":25,"column":73}},"25":{"start":{"line":26,"column":0},"end":{"line":26,"column":61}},"26":{"start":{"line":27,"column":0},"end":{"line":27,"column":5}},"27":{"start":{"line":28,"column":0},"end":{"line":28,"column":21}},"28":{"start":{"line":29,"column":0},"end":{"line":29,"column":4}},"30":{"start":{"line":31,"column":0},"end":{"line":31,"column":45}},"31":{"start":{"line":32,"column":0},"end":{"line":32,"column":9}},"32":{"start":{"line":33,"column":0},"end":{"line":33,"column":61}},"33":{"start":{"line":34,"column":0},"end":{"line":34,"column":23}},"34":{"start":{"line":35,"column":0},"end":{"line":35,"column":56}},"35":{"start":{"line":36,"column":0},"end":{"line":36,"column":38}},"36":{"start":{"line":37,"column":0},"end":{"line":37,"column":9}},"38":{"start":{"line":39,"column":0},"end":{"line":39,"column":25}},"39":{"start":{"line":40,"column":0},"end":{"line":40,"column":63}},"40":{"start":{"line":41,"column":0},"end":{"line":41,"column":7}},"42":{"start":{"line":43,"column":0},"end":{"line":43,"column":46}},"43":{"start":{"line":44,"column":0},"end":{"line":44,"column":54}},"44":{"start":{"line":45,"column":0},"end":{"line":45,"column":40}},"45":{"start":{"line":46,"column":0},"end":{"line":46,"column":19}},"46":{"start":{"line":47,"column":0},"end":{"line":47,"column":29}},"47":{"start":{"line":48,"column":0},"end":{"line":48,"column":41}},"48":{"start":{"line":49,"column":0},"end":{"line":49,"column":28}},"49":{"start":{"line":50,"column":0},"end":{"line":50,"column":8}},"50":{"start":{"line":51,"column":0},"end":{"line":51,"column":21}},"51":{"start":{"line":52,"column":0},"end":{"line":52,"column":53}},"52":{"start":{"line":53,"column":0},"end":{"line":53,"column":50}},"53":{"start":{"line":54,"column":0},"end":{"line":54,"column":26}},"54":{"start":{"line":55,"column":0},"end":{"line":55,"column":5}},"55":{"start":{"line":56,"column":0},"end":{"line":56,"column":4}},"57":{"start":{"line":58,"column":0},"end":{"line":58,"column":58}},"58":{"start":{"line":59,"column":0},"end":{"line":59,"column":23}},"59":{"start":{"line":60,"column":0},"end":{"line":60,"column":40}},"60":{"start":{"line":61,"column":0},"end":{"line":61,"column":9}},"61":{"start":{"line":62,"column":0},"end":{"line":62,"column":61}},"62":{"start":{"line":63,"column":0},"end":{"line":63,"column":23}},"63":{"start":{"line":64,"column":0},"end":{"line":64,"column":24}},"64":{"start":{"line":65,"column":0},"end":{"line":65,"column":51}},"65":{"start":{"line":66,"column":0},"end":{"line":66,"column":9}},"67":{"start":{"line":68,"column":0},"end":{"line":68,"column":83}},"69":{"start":{"line":70,"column":0},"end":{"line":70,"column":43}},"70":{"start":{"line":71,"column":0},"end":{"line":71,"column":24}},"71":{"start":{"line":72,"column":0},"end":{"line":72,"column":40}},"72":{"start":{"line":73,"column":0},"end":{"line":73,"column":55}},"73":{"start":{"line":74,"column":0},"end":{"line":74,"column":25}},"74":{"start":{"line":75,"column":0},"end":{"line":75,"column":58}},"75":{"start":{"line":76,"column":0},"end":{"line":76,"column":32}},"76":{"start":{"line":77,"column":0},"end":{"line":77,"column":33}},"77":{"start":{"line":78,"column":0},"end":{"line":78,"column":39}},"78":{"start":{"line":79,"column":0},"end":{"line":79,"column":28}},"79":{"start":{"line":80,"column":0},"end":{"line":80,"column":33}},"80":{"start":{"line":81,"column":0},"end":{"line":81,"column":28}},"81":{"start":{"line":82,"column":0},"end":{"line":82,"column":12}},"82":{"start":{"line":83,"column":0},"end":{"line":83,"column":11}},"84":{"start":{"line":85,"column":0},"end":{"line":85,"column":83}},"86":{"start":{"line":87,"column":0},"end":{"line":87,"column":47}},"87":{"start":{"line":88,"column":0},"end":{"line":88,"column":40}},"88":{"start":{"line":89,"column":0},"end":{"line":89,"column":47}},"90":{"start":{"line":91,"column":0},"end":{"line":91,"column":14}},"91":{"start":{"line":92,"column":0},"end":{"line":92,"column":48}},"92":{"start":{"line":93,"column":0},"end":{"line":93,"column":28}},"93":{"start":{"line":94,"column":0},"end":{"line":94,"column":7}},"94":{"start":{"line":95,"column":0},"end":{"line":95,"column":21}},"95":{"start":{"line":96,"column":0},"end":{"line":96,"column":58}},"96":{"start":{"line":97,"column":0},"end":{"line":97,"column":45}},"97":{"start":{"line":98,"column":0},"end":{"line":98,"column":26}},"98":{"start":{"line":99,"column":0},"end":{"line":99,"column":5}},"99":{"start":{"line":100,"column":0},"end":{"line":100,"column":4}},"101":{"start":{"line":102,"column":0},"end":{"line":102,"column":38}},"102":{"start":{"line":103,"column":0},"end":{"line":103,"column":9}},"103":{"start":{"line":104,"column":0},"end":{"line":104,"column":80}},"104":{"start":{"line":105,"column":0},"end":{"line":105,"column":55}},"105":{"start":{"line":106,"column":0},"end":{"line":106,"column":90}},"106":{"start":{"line":107,"column":0},"end":{"line":107,"column":9}},"107":{"start":{"line":108,"column":0},"end":{"line":108,"column":47}},"108":{"start":{"line":109,"column":0},"end":{"line":109,"column":34}},"110":{"start":{"line":111,"column":0},"end":{"line":111,"column":50}},"111":{"start":{"line":112,"column":0},"end":{"line":112,"column":73}},"112":{"start":{"line":113,"column":0},"end":{"line":113,"column":8}},"114":{"start":{"line":115,"column":0},"end":{"line":115,"column":42}},"115":{"start":{"line":116,"column":0},"end":{"line":116,"column":93}},"116":{"start":{"line":117,"column":0},"end":{"line":117,"column":51}},"117":{"start":{"line":118,"column":0},"end":{"line":118,"column":58}},"118":{"start":{"line":119,"column":0},"end":{"line":119,"column":8}},"120":{"start":{"line":121,"column":0},"end":{"line":121,"column":28}},"121":{"start":{"line":122,"column":0},"end":{"line":122,"column":27}},"122":{"start":{"line":123,"column":0},"end":{"line":123,"column":39}},"123":{"start":{"line":124,"column":0},"end":{"line":124,"column":21}},"124":{"start":{"line":125,"column":0},"end":{"line":125,"column":56}},"125":{"start":{"line":126,"column":0},"end":{"line":126,"column":49}},"126":{"start":{"line":127,"column":0},"end":{"line":127,"column":5}},"127":{"start":{"line":128,"column":0},"end":{"line":128,"column":4}},"129":{"start":{"line":130,"column":0},"end":{"line":130,"column":31}},"130":{"start":{"line":131,"column":0},"end":{"line":131,"column":85}},"131":{"start":{"line":132,"column":0},"end":{"line":132,"column":38}},"132":{"start":{"line":133,"column":0},"end":{"line":133,"column":28}},"133":{"start":{"line":134,"column":0},"end":{"line":134,"column":40}},"134":{"start":{"line":135,"column":0},"end":{"line":135,"column":5}},"135":{"start":{"line":136,"column":0},"end":{"line":136,"column":4}},"137":{"start":{"line":138,"column":0},"end":{"line":138,"column":32}},"138":{"start":{"line":139,"column":0},"end":{"line":139,"column":26}},"139":{"start":{"line":140,"column":0},"end":{"line":140,"column":22}},"140":{"start":{"line":141,"column":0},"end":{"line":141,"column":22}},"141":{"start":{"line":142,"column":0},"end":{"line":142,"column":12}},"142":{"start":{"line":143,"column":0},"end":{"line":143,"column":23}},"143":{"start":{"line":144,"column":0},"end":{"line":144,"column":5}},"144":{"start":{"line":145,"column":0},"end":{"line":145,"column":4}},"146":{"start":{"line":147,"column":0},"end":{"line":147,"column":10}},"147":{"start":{"line":148,"column":0},"end":{"line":148,"column":42}},"148":{"start":{"line":149,"column":0},"end":{"line":149,"column":37}},"149":{"start":{"line":150,"column":0},"end":{"line":150,"column":15}},"150":{"start":{"line":151,"column":0},"end":{"line":151,"column":98}},"151":{"start":{"line":152,"column":0},"end":{"line":152,"column":34}},"152":{"start":{"line":153,"column":0},"end":{"line":153,"column":30}},"154":{"start":{"line":155,"column":0},"end":{"line":155,"column":36}},"155":{"start":{"line":156,"column":0},"end":{"line":156,"column":37}},"156":{"start":{"line":157,"column":0},"end":{"line":157,"column":16}},"157":{"start":{"line":158,"column":0},"end":{"line":158,"column":17}},"158":{"start":{"line":159,"column":0},"end":{"line":159,"column":61}},"159":{"start":{"line":160,"column":0},"end":{"line":160,"column":12}},"160":{"start":{"line":161,"column":0},"end":{"line":161,"column":10}},"162":{"start":{"line":163,"column":0},"end":{"line":163,"column":2}}},"s":{"1":1,"2":1,"4":1,"5":32,"6":32,"7":32,"8":32,"9":32,"11":32,"12":1,"13":1,"14":1,"15":1,"16":1,"17":1,"18":1,"20":32,"21":4,"22":4,"23":1,"24":1,"25":1,"26":1,"27":4,"28":4,"30":32,"31":3,"32":3,"33":3,"34":3,"35":3,"36":3,"38":3,"39":1,"40":1,"42":2,"43":2,"44":2,"45":2,"46":2,"47":0,"48":0,"49":0,"50":3,"51":1,"52":1,"53":1,"54":1,"55":3,"57":32,"58":6,"59":6,"60":6,"61":6,"62":6,"63":6,"64":6,"65":6,"67":6,"69":5,"70":6,"71":4,"72":4,"73":4,"74":4,"75":4,"76":4,"77":4,"78":4,"79":4,"80":4,"81":4,"82":4,"84":4,"86":3,"87":3,"88":3,"90":6,"91":1,"92":1,"93":1,"94":6,"95":2,"96":2,"97":2,"98":2,"99":6,"101":32,"102":7,"103":7,"104":6,"105":7,"106":7,"107":7,"108":7,"110":7,"111":0,"112":0,"114":7,"115":6,"116":6,"117":6,"118":6,"120":7,"121":7,"122":7,"123":7,"124":1,"125":1,"126":1,"127":7,"129":32,"130":6,"131":6,"132":6,"133":6,"134":6,"135":6,"137":32,"138":13,"139":13,"140":6,"141":13,"142":7,"143":7,"144":13,"146":32,"147":32,"148":32,"149":32,"150":32,"151":32,"152":32,"154":32,"155":32,"156":32,"157":32,"158":32,"159":32,"160":32,"162":32},"branchMap":{"0":{"type":"branch","line":5,"loc":{"start":{"line":5,"column":30},"end":{"line":163,"column":2}},"locations":[{"start":{"line":5,"column":30},"end":{"line":163,"column":2}}]},"1":{"type":"branch","line":151,"loc":{"start":{"line":151,"column":35},"end":{"line":151,"column":63}},"locations":[{"start":{"line":151,"column":35},"end":{"line":151,"column":63}}]},"2":{"type":"branch","line":151,"loc":{"start":{"line":151,"column":49},"end":{"line":151,"column":65}},"locations":[{"start":{"line":151,"column":49},"end":{"line":151,"column":65}}]},"3":{"type":"branch","line":151,"loc":{"start":{"line":151,"column":69},"end":{"line":151,"column":93}},"locations":[{"start":{"line":151,"column":69},"end":{"line":151,"column":93}}]},"4":{"type":"branch","line":151,"loc":{"start":{"line":151,"column":81},"end":{"line":151,"column":95}},"locations":[{"start":{"line":151,"column":81},"end":{"line":151,"column":95}}]},"5":{"type":"branch","line":156,"loc":{"start":{"line":156,"column":13},"end":{"line":156,"column":32}},"locations":[{"start":{"line":156,"column":13},"end":{"line":156,"column":32}}]},"6":{"type":"branch","line":156,"loc":{"start":{"line":156,"column":25},"end":{"line":156,"column":37}},"locations":[{"start":{"line":156,"column":25},"end":{"line":156,"column":37}}]},"7":{"type":"branch","line":12,"loc":{"start":{"line":12,"column":20},"end":{"line":19,"column":4}},"locations":[{"start":{"line":12,"column":20},"end":{"line":19,"column":4}}]},"8":{"type":"branch","line":21,"loc":{"start":{"line":21,"column":23},"end":{"line":29,"column":4}},"locations":[{"start":{"line":21,"column":23},"end":{"line":29,"column":4}}]},"9":{"type":"branch","line":23,"loc":{"start":{"line":23,"column":20},"end":{"line":27,"column":5}},"locations":[{"start":{"line":23,"column":20},"end":{"line":27,"column":5}}]},"10":{"type":"branch","line":31,"loc":{"start":{"line":31,"column":28},"end":{"line":56,"column":4}},"locations":[{"start":{"line":31,"column":28},"end":{"line":56,"column":4}}]},"11":{"type":"branch","line":39,"loc":{"start":{"line":39,"column":24},"end":{"line":41,"column":7}},"locations":[{"start":{"line":39,"column":24},"end":{"line":41,"column":7}}]},"12":{"type":"branch","line":41,"loc":{"start":{"line":41,"column":6},"end":{"line":51,"column":13}},"locations":[{"start":{"line":41,"column":6},"end":{"line":51,"column":13}}]},"13":{"type":"branch","line":51,"loc":{"start":{"line":51,"column":4},"end":{"line":55,"column":5}},"locations":[{"start":{"line":51,"column":4},"end":{"line":55,"column":5}}]},"14":{"type":"branch","line":58,"loc":{"start":{"line":58,"column":36},"end":{"line":100,"column":4}},"locations":[{"start":{"line":58,"column":36},"end":{"line":100,"column":4}}]},"15":{"type":"branch","line":68,"loc":{"start":{"line":68,"column":24},"end":{"line":68,"column":83}},"locations":[{"start":{"line":68,"column":24},"end":{"line":68,"column":83}}]},"16":{"type":"branch","line":68,"loc":{"start":{"line":68,"column":81},"end":{"line":71,"column":23}},"locations":[{"start":{"line":68,"column":81},"end":{"line":71,"column":23}}]},"17":{"type":"branch","line":71,"loc":{"start":{"line":71,"column":23},"end":{"line":91,"column":13}},"locations":[{"start":{"line":71,"column":23},"end":{"line":91,"column":13}}]},"18":{"type":"branch","line":85,"loc":{"start":{"line":85,"column":30},"end":{"line":85,"column":83}},"locations":[{"start":{"line":85,"column":30},"end":{"line":85,"column":83}}]},"19":{"type":"branch","line":85,"loc":{"start":{"line":85,"column":81},"end":{"line":91,"column":13}},"locations":[{"start":{"line":85,"column":81},"end":{"line":91,"column":13}}]},"20":{"type":"branch","line":91,"loc":{"start":{"line":91,"column":6},"end":{"line":94,"column":7}},"locations":[{"start":{"line":91,"column":6},"end":{"line":94,"column":7}}]},"21":{"type":"branch","line":95,"loc":{"start":{"line":95,"column":4},"end":{"line":99,"column":5}},"locations":[{"start":{"line":95,"column":4},"end":{"line":99,"column":5}}]},"22":{"type":"branch","line":102,"loc":{"start":{"line":102,"column":25},"end":{"line":128,"column":4}},"locations":[{"start":{"line":102,"column":25},"end":{"line":128,"column":4}}]},"23":{"type":"branch","line":104,"loc":{"start":{"line":104,"column":78},"end":{"line":106,"column":79}},"locations":[{"start":{"line":104,"column":78},"end":{"line":106,"column":79}}]},"24":{"type":"branch","line":106,"loc":{"start":{"line":106,"column":64},"end":{"line":106,"column":90}},"locations":[{"start":{"line":106,"column":64},"end":{"line":106,"column":90}}]},"25":{"type":"branch","line":124,"loc":{"start":{"line":124,"column":4},"end":{"line":127,"column":5}},"locations":[{"start":{"line":124,"column":4},"end":{"line":127,"column":5}}]},"26":{"type":"branch","line":115,"loc":{"start":{"line":115,"column":29},"end":{"line":119,"column":8}},"locations":[{"start":{"line":115,"column":29},"end":{"line":119,"column":8}}]},"27":{"type":"branch","line":118,"loc":{"start":{"line":118,"column":35},"end":{"line":118,"column":56}},"locations":[{"start":{"line":118,"column":35},"end":{"line":118,"column":56}}]},"28":{"type":"branch","line":130,"loc":{"start":{"line":130,"column":24},"end":{"line":136,"column":4}},"locations":[{"start":{"line":130,"column":24},"end":{"line":136,"column":4}}]},"29":{"type":"branch","line":138,"loc":{"start":{"line":138,"column":25},"end":{"line":145,"column":4}},"locations":[{"start":{"line":138,"column":25},"end":{"line":145,"column":4}}]},"30":{"type":"branch","line":139,"loc":{"start":{"line":139,"column":19},"end":{"line":139,"column":26}},"locations":[{"start":{"line":139,"column":19},"end":{"line":139,"column":26}}]},"31":{"type":"branch","line":140,"loc":{"start":{"line":140,"column":21},"end":{"line":142,"column":11}},"locations":[{"start":{"line":140,"column":21},"end":{"line":142,"column":11}}]},"32":{"type":"branch","line":142,"loc":{"start":{"line":142,"column":4},"end":{"line":144,"column":5}},"locations":[{"start":{"line":142,"column":4},"end":{"line":144,"column":5}}]}},"b":{"0":[32],"1":[6],"2":[26],"3":[12],"4":[20],"5":[12],"6":[20],"7":[1],"8":[4],"9":[1],"10":[3],"11":[1],"12":[2],"13":[1],"14":[6],"15":[1],"16":[5],"17":[4],"18":[1],"19":[3],"20":[1],"21":[2],"22":[7],"23":[6],"24":[0],"25":[1],"26":[6],"27":[6],"28":[6],"29":[13],"30":[0],"31":[6],"32":[7]},"fnMap":{"0":{"name":"SmartwatchView","decl":{"start":{"line":5,"column":30},"end":{"line":163,"column":2}},"loc":{"start":{"line":5,"column":30},"end":{"line":163,"column":2}},"line":5},"1":{"name":"getUserId","decl":{"start":{"line":12,"column":20},"end":{"line":19,"column":4}},"loc":{"start":{"line":12,"column":20},"end":{"line":19,"column":4}},"line":12},"2":{"name":"getSessionId","decl":{"start":{"line":21,"column":23},"end":{"line":29,"column":4}},"loc":{"start":{"line":21,"column":23},"end":{"line":29,"column":4}},"line":21},"3":{"name":"playAudioResponse","decl":{"start":{"line":31,"column":28},"end":{"line":56,"column":4}},"loc":{"start":{"line":31,"column":28},"end":{"line":56,"column":4}},"line":31},"4":{"name":"audio.onended","decl":{"start":{"line":47,"column":22},"end":{"line":50,"column":8}},"loc":{"start":{"line":47,"column":22},"end":{"line":50,"column":8}},"line":47},"5":{"name":"sendAudioForTranscription","decl":{"start":{"line":58,"column":36},"end":{"line":100,"column":4}},"loc":{"start":{"line":58,"column":36},"end":{"line":100,"column":4}},"line":58},"6":{"name":"startRecording","decl":{"start":{"line":102,"column":25},"end":{"line":128,"column":4}},"loc":{"start":{"line":102,"column":25},"end":{"line":128,"column":4}},"line":102},"7":{"name":"mediaRecorder.ondataavailable","decl":{"start":{"line":111,"column":38},"end":{"line":113,"column":8}},"loc":{"start":{"line":111,"column":38},"end":{"line":113,"column":8}},"line":111},"8":{"name":"mediaRecorder.onstop","decl":{"start":{"line":115,"column":29},"end":{"line":119,"column":8}},"loc":{"start":{"line":115,"column":29},"end":{"line":119,"column":8}},"line":115},"9":{"name":"stopRecording","decl":{"start":{"line":130,"column":24},"end":{"line":136,"column":4}},"loc":{"start":{"line":130,"column":24},"end":{"line":136,"column":4}},"line":130},"10":{"name":"handleMicClick","decl":{"start":{"line":138,"column":25},"end":{"line":145,"column":4}},"loc":{"start":{"line":138,"column":25},"end":{"line":145,"column":4}},"line":138}},"f":{"0":32,"1":1,"2":4,"3":3,"4":0,"5":6,"6":7,"7":0,"8":6,"9":6,"10":13}}
,"/home/administrator/think_ai/frontend/src/hooks/useSmartwatch.js": {"path":"/home/administrator/think_ai/frontend/src/hooks/useSmartwatch.js","all":false,"statementMap":{"1":{"start":{"line":2,"column":0},"end":{"line":2,"column":67}},"3":{"start":{"line":4,"column":0},"end":{"line":4,"column":28}},"4":{"start":{"line":5,"column":0},"end":{"line":5,"column":40}},"5":{"start":{"line":6,"column":0},"end":{"line":6,"column":42}},"6":{"start":{"line":7,"column":0},"end":{"line":7,"column":62}},"7":{"start":{"line":8,"column":0},"end":{"line":8,"column":71}},"8":{"start":{"line":9,"column":0},"end":{"line":9,"column":49}},"9":{"start":{"line":10,"column":0},"end":{"line":10,"column":2}},"11":{"start":{"line":12,"column":0},"end":{"line":12,"column":36}},"12":{"start":{"line":13,"column":0},"end":{"line":13,"column":63}},"14":{"start":{"line":15,"column":0},"end":{"line":15,"column":19}},"15":{"start":{"line":16,"column":0},"end":{"line":16,"column":32}},"16":{"start":{"line":17,"column":0},"end":{"line":17,"column":36}},"17":{"start":{"line":18,"column":0},"end":{"line":18,"column":6}},"19":{"start":{"line":20,"column":0},"end":{"line":20,"column":52}},"20":{"start":{"line":21,"column":0},"end":{"line":21,"column":18}},"21":{"start":{"line":22,"column":0},"end":{"line":22,"column":57}},"22":{"start":{"line":23,"column":0},"end":{"line":23,"column":6}},"23":{"start":{"line":24,"column":0},"end":{"line":24,"column":9}},"25":{"start":{"line":26,"column":0},"end":{"line":26,"column":20}},"26":{"start":{"line":27,"column":0},"end":{"line":27,"column":2}}},"s":{"1":1,"3":1,"4":68,"5":68,"6":68,"7":68,"8":68,"9":68,"11":1,"12":66,"14":66,"15":14,"16":2,"17":14,"19":14,"20":14,"21":14,"22":14,"23":66,"25":66,"26":66},"branchMap":{"0":{"type":"branch","line":4,"loc":{"start":{"line":4,"column":21},"end":{"line":10,"column":2}},"locations":[{"start":{"line":4,"column":21},"end":{"line":10,"column":2}}]},"1":{"type":"branch","line":9,"loc":{"start":{"line":9,"column":27},"end":{"line":9,"column":48}},"locations":[{"start":{"line":9,"column":27},"end":{"line":9,"column":48}}]},"2":{"type":"branch","line":12,"loc":{"start":{"line":12,"column":29},"end":{"line":27,"column":2}},"locations":[{"start":{"line":12,"column":29},"end":{"line":27,"column":2}}]},"3":{"type":"branch","line":15,"loc":{"start":{"line":15,"column":12},"end":{"line":24,"column":3}},"locations":[{"start":{"line":15,"column":12},"end":{"line":24,"column":3}}]},"4":{"type":"branch","line":16,"loc":{"start":{"line":16,"column":25},"end":{"line":18,"column":5}},"locations":[{"start":{"line":16,"column":25},"end":{"line":18,"column":5}}]},"5":{"type":"branch","line":21,"loc":{"start":{"line":21,"column":11},"end":{"line":23,"column":5}},"locations":[{"start":{"line":21,"column":11},"end":{"line":23,"column":5}}]}},"b":{"0":[68],"1":[4],"2":[66],"3":[14],"4":[2],"5":[14]},"fnMap":{"0":{"name":"isSmartwatch","decl":{"start":{"line":4,"column":21},"end":{"line":10,"column":2}},"loc":{"start":{"line":4,"column":21},"end":{"line":10,"column":2}},"line":4},"1":{"name":"useSmartwatch","decl":{"start":{"line":12,"column":29},"end":{"line":27,"column":2}},"loc":{"start":{"line":12,"column":29},"end":{"line":27,"column":2}},"line":12},"2":{"name":"handleResize","decl":{"start":{"line":16,"column":25},"end":{"line":18,"column":5}},"loc":{"start":{"line":16,"column":25},"end":{"line":18,"column":5}},"line":16}},"f":{"0":68,"1":66,"2":2}}
}
