TN:
SF:src/App.jsx
FN:6,App
FN:30,getUserId
FN:39,getSessionId
FN:51,scrollToBottom
FN:83,fastSin
FN:88,fastCos
FN:94,OptimizedQuantumPoint
FN:106,update
FN:115,draw
FN:138,initializeQuantumField
FN:155,animate
FN:168,handleResize
FN:192,handleModeToggle
FN:198,handleWebSearchToggle
FN:204,handleFactCheckToggle
FN:210,parseMarkdown
FN:240,handleSendMessage
FN:294,handleCopyMessage
FN:303,startRecording
FN:313,mediaRecorder.ondataavailable
FN:319,mediaRecorder.onstop
FN:335,stopRecording
FN:342,sendAudioForTranscription
FN:377,toggleRecording
FN:386,playAudioMessage
FN:402,cleanTextForSpeech
FN:464,audio.onended
FN:525,onClick
FN:533,onClick
FN:588,onChange
FN:593,onKeyPress
FN:599,onBlur
FN:602,onClick
FNF:33
FNH:28
FNDA:61,App
FNDA:2,getUserId
FNDA:60,getSessionId
FNDA:18,scrollToBottom
FNDA:53248,fastSin
FNDA:26624,fastCos
FNDA:2560,OptimizedQuantumPoint
FNDA:26624,update
FNDA:26624,draw
FNDA:10,initializeQuantumField
FNDA:104,animate
FNDA:0,handleResize
FNDA:1,handleModeToggle
FNDA:1,handleWebSearchToggle
FNDA:1,handleFactCheckToggle
FNDA:5,parseMarkdown
FNDA:4,handleSendMessage
FNDA:1,handleCopyMessage
FNDA:1,startRecording
FNDA:0,mediaRecorder.ondataavailable
FNDA:0,mediaRecorder.onstop
FNDA:1,stopRecording
FNDA:0,sendAudioForTranscription
FNDA:2,toggleRecording
FNDA:1,playAudioMessage
FNDA:1,cleanTextForSpeech
FNDA:0,audio.onended
FNDA:1,onClick
FNDA:1,onClick
FNDA:24,onChange
FNDA:24,onKeyPress
FNDA:4,onBlur
FNDA:4,onClick
DA:1,1
DA:2,1
DA:3,1
DA:6,61
DA:7,61
DA:9,61
DA:10,1
DA:11,1
DA:13,60
DA:14,60
DA:15,60
DA:16,60
DA:17,60
DA:18,60
DA:19,60
DA:20,60
DA:21,60
DA:22,60
DA:23,60
DA:24,60
DA:25,60
DA:26,60
DA:27,60
DA:30,60
DA:31,2
DA:32,2
DA:33,2
DA:34,2
DA:35,2
DA:36,2
DA:37,2
DA:39,60
DA:40,60
DA:41,60
DA:42,2
DA:43,2
DA:44,2
DA:45,2
DA:46,60
DA:47,60
DA:49,60
DA:51,60
DA:52,18
DA:53,18
DA:55,60
DA:56,18
DA:57,60
DA:60,60
DA:61,10
DA:62,10
DA:64,10
DA:65,10
DA:66,10
DA:69,10
DA:70,10
DA:71,10
DA:73,10
DA:74,10
DA:75,10
DA:77,10
DA:78,10240
DA:79,10240
DA:80,10240
DA:81,10240
DA:83,10
DA:84,53248
DA:85,53248
DA:86,53248
DA:88,10
DA:89,26624
DA:90,26624
DA:91,26624
DA:93,10
DA:94,10
DA:95,2560
DA:96,2560
DA:97,2560
DA:98,2560
DA:99,2560
DA:100,2560
DA:101,2560
DA:102,2560
DA:103,2560
DA:104,2560
DA:106,10
DA:107,26624
DA:108,26624
DA:109,26624
DA:110,26624
DA:111,26624
DA:112,26624
DA:113,26624
DA:115,10
DA:116,26624
DA:117,26624
DA:118,26624
DA:119,26624
DA:120,26624
DA:121,26624
DA:122,26624
DA:123,26624
DA:124,26624
DA:125,26624
DA:126,26624
DA:127,26624
DA:128,26624
DA:129,26624
DA:130,26624
DA:131,26624
DA:132,26624
DA:133,26624
DA:134,26624
DA:135,26624
DA:136,10
DA:138,10
DA:139,10
DA:140,10
DA:141,10
DA:142,10
DA:143,10
DA:144,160
DA:145,2560
DA:146,2560
DA:147,2560
DA:148,2560
DA:149,160
DA:150,10
DA:152,10
DA:154,10
DA:155,10
DA:156,104
DA:157,104
DA:158,104
DA:159,104
DA:160,26624
DA:161,26624
DA:162,104
DA:163,104
DA:164,104
DA:166,10
DA:168,10
DA:169,0
DA:170,0
DA:171,0
DA:172,0
DA:174,10
DA:175,10
DA:176,10
DA:177,10
DA:178,10
DA:179,60
DA:182,60
DA:183,10
DA:184,10
DA:185,10
DA:187,10
DA:188,10
DA:189,10
DA:190,60
DA:192,60
DA:193,1
DA:194,1
DA:195,1
DA:196,1
DA:198,60
DA:199,1
DA:200,1
DA:201,1
DA:202,1
DA:204,60
DA:205,1
DA:206,1
DA:207,1
DA:208,1
DA:210,60
DA:212,5
DA:215,5
DA:218,5
DA:221,5
DA:222,5
DA:223,5
DA:226,5
DA:229,5
DA:232,5
DA:235,5
DA:237,5
DA:238,5
DA:240,60
DA:241,4
DA:243,4
DA:244,4
DA:245,4
DA:246,4
DA:248,4
DA:249,4
DA:250,4
DA:251,4
DA:252,4
DA:253,4
DA:254,4
DA:255,4
DA:256,4
DA:257,4
DA:258,4
DA:259,4
DA:261,4
DA:262,0
DA:263,0
DA:265,4
DA:266,4
DA:267,4
DA:268,4
DA:269,4
DA:270,4
DA:271,4
DA:272,4
DA:273,4
DA:274,4
DA:277,4
DA:278,0
DA:279,0
DA:280,0
DA:281,0
DA:283,4
DA:284,0
DA:285,0
DA:286,0
DA:287,0
DA:288,0
DA:289,4
DA:290,4
DA:291,4
DA:292,4
DA:294,60
DA:295,1
DA:296,1
DA:297,1
DA:298,0
DA:299,0
DA:300,1
DA:303,60
DA:304,1
DA:305,1
DA:306,1
DA:307,1
DA:308,1
DA:310,1
DA:311,1
DA:313,1
DA:314,0
DA:315,0
DA:316,0
DA:317,0
DA:319,1
DA:320,0
DA:321,0
DA:322,0
DA:323,0
DA:324,0
DA:325,0
DA:327,1
DA:328,1
DA:329,1
DA:330,0
DA:331,0
DA:332,0
DA:333,1
DA:335,60
DA:336,1
DA:337,1
DA:338,1
DA:339,1
DA:340,1
DA:342,60
DA:343,0
DA:344,0
DA:346,0
DA:347,0
DA:348,0
DA:350,0
DA:351,0
DA:352,0
DA:353,0
DA:354,0
DA:355,0
DA:356,0
DA:358,0
DA:359,0
DA:360,0
DA:362,0
DA:363,0
DA:364,0
DA:365,0
DA:367,0
DA:368,0
DA:369,0
DA:370,0
DA:371,0
DA:372,0
DA:373,0
DA:374,0
DA:375,0
DA:377,60
DA:378,2
DA:379,1
DA:380,1
DA:381,1
DA:382,1
DA:383,2
DA:386,60
DA:388,1
DA:390,0
DA:391,0
DA:392,0
DA:393,0
DA:394,0
DA:395,0
DA:396,0
DA:397,0
DA:398,0
DA:400,1
DA:402,1
DA:404,1
DA:405,1
DA:406,1
DA:407,1
DA:408,1
DA:409,1
DA:410,1
DA:411,1
DA:412,1
DA:413,1
DA:414,1
DA:417,1
DA:418,1
DA:419,1
DA:420,1
DA:421,1
DA:422,1
DA:425,1
DA:426,0
DA:427,0
DA:430,1
DA:431,0
DA:432,0
DA:434,1
DA:435,1
DA:437,1
DA:439,1
DA:440,0
DA:441,0
DA:442,0
DA:444,1
DA:445,1
DA:446,1
DA:447,1
DA:448,1
DA:450,1
DA:451,0
DA:452,0
DA:454,1
DA:455,1
DA:456,1
DA:459,1
DA:462,1
DA:464,1
DA:465,0
DA:466,0
DA:467,0
DA:468,0
DA:470,1
DA:471,1
DA:472,0
DA:473,0
DA:474,1
DA:476,60
DA:477,60
DA:478,60
DA:479,60
DA:480,60
DA:481,60
DA:482,60
DA:483,60
DA:485,60
DA:486,60
DA:487,60
DA:488,60
DA:490,60
DA:491,60
DA:492,60
DA:493,61
DA:494,61
DA:495,61
DA:496,61
DA:497,61
DA:498,61
DA:499,61
DA:501,61
DA:503,61
DA:504,61
DA:505,61
DA:506,61
DA:507,14
DA:508,14
DA:509,0
DA:510,0
DA:511,0
DA:513,14
DA:514,0
DA:515,0
DA:516,0
DA:518,14
DA:519,14
DA:520,9
DA:522,5
DA:523,5
DA:524,5
DA:525,5
DA:526,5
DA:527,5
DA:528,5
DA:529,5
DA:530,5
DA:531,5
DA:532,5
DA:533,5
DA:534,5
DA:536,5
DA:537,5
DA:538,1
DA:540,4
DA:542,5
DA:543,5
DA:544,5
DA:545,5
DA:546,5
DA:548,14
DA:549,14
DA:550,61
DA:551,61
DA:552,4
DA:553,4
DA:554,4
DA:556,61
DA:557,61
DA:559,61
DA:560,61
DA:561,61
DA:562,61
DA:563,61
DA:564,61
DA:566,61
DA:567,61
DA:568,61
DA:569,61
DA:570,61
DA:572,61
DA:573,61
DA:574,61
DA:575,61
DA:576,61
DA:578,61
DA:579,61
DA:580,61
DA:582,61
DA:583,61
DA:584,61
DA:585,61
DA:586,61
DA:587,61
DA:588,61
DA:589,24
DA:590,24
DA:591,24
DA:592,24
DA:593,61
DA:594,24
DA:595,0
DA:596,0
DA:597,0
DA:598,24
DA:599,61
DA:600,61
DA:601,61
DA:602,61
DA:603,4
DA:604,4
DA:605,61
DA:606,61
DA:607,61
DA:608,61
DA:609,61
DA:610,61
DA:611,61
DA:612,61
DA:613,61
DA:614,61
DA:616,61
DA:618,1
LF:499
LH:408
BRDA:6,0,0,61
BRDA:9,1,0,1
BRDA:11,2,0,60
BRDA:493,3,0,26
BRDA:493,4,0,34
BRDA:494,5,0,26
BRDA:494,6,0,34
BRDA:495,7,0,26
BRDA:495,8,0,34
BRDA:551,9,0,4
BRDA:563,10,0,23
BRDA:563,11,0,37
BRDA:569,12,0,21
BRDA:569,13,0,39
BRDA:575,14,0,1
BRDA:575,15,0,59
BRDA:578,16,0,1
BRDA:578,17,0,59
BRDA:585,18,0,26
BRDA:585,19,0,34
BRDA:30,20,0,2
BRDA:39,21,0,60
BRDA:41,22,0,2
BRDA:51,23,0,18
BRDA:55,24,0,18
BRDA:60,25,0,10
BRDA:62,26,0,0
BRDA:77,27,0,10240
BRDA:83,28,0,53248
BRDA:88,29,0,26624
BRDA:94,30,0,2560
BRDA:106,31,0,26624
BRDA:115,32,0,26624
BRDA:138,33,0,10
BRDA:143,34,0,160
BRDA:144,35,0,2560
BRDA:155,36,0,104
BRDA:159,37,0,26624
BRDA:175,38,0,10
BRDA:182,39,0,10
BRDA:192,40,0,1
BRDA:198,41,0,1
BRDA:204,42,0,1
BRDA:210,43,0,5
BRDA:240,44,0,4
BRDA:241,45,0,0
BRDA:255,46,0,2
BRDA:255,47,0,2
BRDA:261,48,0,0
BRDA:277,49,0,0
BRDA:277,50,0,0
BRDA:283,51,0,0
BRDA:245,52,0,4
BRDA:267,53,0,4
BRDA:294,54,0,1
BRDA:297,55,0,0
BRDA:303,56,0,1
BRDA:307,57,0,0
BRDA:329,58,0,0
BRDA:335,59,0,1
BRDA:377,60,0,2
BRDA:378,61,0,1
BRDA:386,62,0,1
BRDA:388,63,0,0
BRDA:439,64,0,0
BRDA:450,65,0,0
BRDA:471,66,0,0
BRDA:402,67,0,1
BRDA:425,68,0,0
BRDA:430,69,0,0
BRDA:462,70,0,1
BRDA:506,71,0,14
BRDA:508,72,0,5
BRDA:508,73,0,0
BRDA:513,74,0,5
BRDA:513,75,0,0
BRDA:519,76,0,9
BRDA:520,77,0,5
BRDA:537,78,0,1
BRDA:538,79,0,4
BRDA:543,80,0,1
BRDA:543,81,0,4
BRDA:525,82,0,1
BRDA:533,83,0,1
BRDA:588,84,0,24
BRDA:593,85,0,24
BRDA:594,86,0,0
BRDA:599,87,0,4
BRDA:602,88,0,4
BRF:89
BRH:71
end_of_record
TN:
SF:src/components/SmartwatchView.jsx
FN:5,SmartwatchView
FN:12,getUserId
FN:21,getSessionId
FN:31,playAudioResponse
FN:47,audio.onended
FN:58,sendAudioForTranscription
FN:102,startRecording
FN:111,mediaRecorder.ondataavailable
FN:115,mediaRecorder.onstop
FN:130,stopRecording
FN:138,handleMicClick
FNF:11
FNH:9
FNDA:32,SmartwatchView
FNDA:1,getUserId
FNDA:4,getSessionId
FNDA:3,playAudioResponse
FNDA:0,audio.onended
FNDA:6,sendAudioForTranscription
FNDA:7,startRecording
FNDA:0,mediaRecorder.ondataavailable
FNDA:6,mediaRecorder.onstop
FNDA:6,stopRecording
FNDA:13,handleMicClick
DA:2,1
DA:3,1
DA:5,1
DA:6,32
DA:7,32
DA:8,32
DA:9,32
DA:10,32
DA:12,32
DA:13,1
DA:14,1
DA:15,1
DA:16,1
DA:17,1
DA:18,1
DA:19,1
DA:21,32
DA:22,4
DA:23,4
DA:24,1
DA:25,1
DA:26,1
DA:27,1
DA:28,4
DA:29,4
DA:31,32
DA:32,3
DA:33,3
DA:34,3
DA:35,3
DA:36,3
DA:37,3
DA:39,3
DA:40,1
DA:41,1
DA:43,2
DA:44,2
DA:45,2
DA:46,2
DA:47,2
DA:48,0
DA:49,0
DA:50,0
DA:51,3
DA:52,1
DA:53,1
DA:54,1
DA:55,1
DA:56,3
DA:58,32
DA:59,6
DA:60,6
DA:61,6
DA:62,6
DA:63,6
DA:64,6
DA:65,6
DA:66,6
DA:68,6
DA:70,5
DA:71,6
DA:72,4
DA:73,4
DA:74,4
DA:75,4
DA:76,4
DA:77,4
DA:78,4
DA:79,4
DA:80,4
DA:81,4
DA:82,4
DA:83,4
DA:85,4
DA:87,3
DA:88,3
DA:89,3
DA:91,6
DA:92,1
DA:93,1
DA:94,1
DA:95,6
DA:96,2
DA:97,2
DA:98,2
DA:99,2
DA:100,6
DA:102,32
DA:103,7
DA:104,7
DA:105,6
DA:106,7
DA:107,7
DA:108,7
DA:109,7
DA:111,7
DA:112,0
DA:113,0
DA:115,7
DA:116,6
DA:117,6
DA:118,6
DA:119,6
DA:121,7
DA:122,7
DA:123,7
DA:124,7
DA:125,1
DA:126,1
DA:127,1
DA:128,7
DA:130,32
DA:131,6
DA:132,6
DA:133,6
DA:134,6
DA:135,6
DA:136,6
DA:138,32
DA:139,13
DA:140,13
DA:141,6
DA:142,13
DA:143,7
DA:144,7
DA:145,13
DA:147,32
DA:148,32
DA:149,32
DA:150,32
DA:151,32
DA:152,32
DA:153,32
DA:155,32
DA:156,32
DA:157,32
DA:158,32
DA:159,32
DA:160,32
DA:161,32
DA:163,32
LF:141
LH:136
BRDA:5,0,0,32
BRDA:151,1,0,6
BRDA:151,2,0,26
BRDA:151,3,0,12
BRDA:151,4,0,20
BRDA:156,5,0,12
BRDA:156,6,0,20
BRDA:12,7,0,1
BRDA:21,8,0,4
BRDA:23,9,0,1
BRDA:31,10,0,3
BRDA:39,11,0,1
BRDA:41,12,0,2
BRDA:51,13,0,1
BRDA:58,14,0,6
BRDA:68,15,0,1
BRDA:68,16,0,5
BRDA:71,17,0,4
BRDA:85,18,0,1
BRDA:85,19,0,3
BRDA:91,20,0,1
BRDA:95,21,0,2
BRDA:102,22,0,7
BRDA:104,23,0,6
BRDA:106,24,0,0
BRDA:124,25,0,1
BRDA:115,26,0,6
BRDA:118,27,0,6
BRDA:130,28,0,6
BRDA:138,29,0,13
BRDA:139,30,0,0
BRDA:140,31,0,6
BRDA:142,32,0,7
BRF:33
BRH:31
end_of_record
TN:
SF:src/hooks/useSmartwatch.js
FN:4,isSmartwatch
FN:12,useSmartwatch
FN:16,handleResize
FNF:3
FNH:3
FNDA:68,isSmartwatch
FNDA:66,useSmartwatch
FNDA:2,handleResize
DA:2,1
DA:4,1
DA:5,68
DA:6,68
DA:7,68
DA:8,68
DA:9,68
DA:10,68
DA:12,1
DA:13,66
DA:15,66
DA:16,14
DA:17,2
DA:18,14
DA:20,14
DA:21,14
DA:22,14
DA:23,14
DA:24,66
DA:26,66
DA:27,66
LF:21
LH:21
BRDA:4,0,0,68
BRDA:9,1,0,4
BRDA:12,2,0,66
BRDA:15,3,0,14
BRDA:16,4,0,2
BRDA:21,5,0,14
BRF:6
BRH:6
end_of_record
